
17-02-2014 11:56:22 17.02.2014 11:56:22
17-02-2014 11:56:22 LangDll+ 2.5 ver.2.5.5.6 loaded 
17-02-2014 11:56:22 LOADING_FILE C:\Program Files\RUSLAN Catalog\TEMPLATES\topograph.tpl
17-02-2014 11:56:22 FUNCTION_LOADED MAIN
17-02-2014 11:56:25 17.02.2014 11:56:25
17-02-2014 11:56:25 LangDll+ 2.5 ver.2.5.5.6 loaded 
17-02-2014 11:56:25 LOADING_FILE C:\Program Files\RUSLAN Catalog\TEMPLATES\Alphav.tpl
17-02-2014 11:56:25 LOADING_FILE C:\Program Files\RUSLAN Catalog\templates\common1.tpl
17-02-2014 11:56:25 FUNCTION_LOADED COMMON
17-02-2014 11:56:25 LOADING_FILE C:\Program Files\RUSLAN Catalog\TEMPLATES\common1.tpl
17-02-2014 11:56:25 FUNCTION_LOADED COMMON
17-02-2014 11:56:25 FUNCTION_LOADED MAIN
17-02-2014 11:57:49 17.02.2014 11:57:49
17-02-2014 11:57:49 LangDll+ 2.5 ver.2.5.5.6 loaded 
17-02-2014 11:57:49 LOADING_FILE C:\Program Files\RUSLAN Catalog\TEMPLATES\topograph.tpl
17-02-2014 11:57:49 FUNCTION_LOADED MAIN
17-02-2014 11:57:53 17.02.2014 11:57:53
17-02-2014 11:57:53 LangDll+ 2.5 ver.2.5.5.6 loaded 
17-02-2014 11:57:53 LOADING_FILE C:\Program Files\RUSLAN Catalog\TEMPLATES\Alphav.tpl
17-02-2014 11:57:53 LOADING_FILE C:\Program Files\RUSLAN Catalog\templates\common1.tpl
17-02-2014 11:57:53 FUNCTION_LOADED COMMON
17-02-2014 11:57:53 LOADING_FILE C:\Program Files\RUSLAN Catalog\TEMPLATES\common1.tpl
17-02-2014 11:57:53 FUNCTION_LOADED COMMON
17-02-2014 11:57:53 FUNCTION_LOADED MAIN
17-02-2014 12:35:37 17.02.2014 12:35:37
17-02-2014 12:35:37 LangDll+ 2.5 ver.2.5.5.6 loaded 
17-02-2014 12:35:37 LOADING_FILE C:\Program Files\RUSLAN Catalog\TEMPLATES\topograph.tpl
17-02-2014 12:35:37 FUNCTION_LOADED MAIN
17-02-2014 12:35:39 17.02.2014 12:35:39
17-02-2014 12:35:39 LangDll+ 2.5 ver.2.5.5.6 loaded 
17-02-2014 12:35:39 LOADING_FILE C:\Program Files\RUSLAN Catalog\TEMPLATES\Alphav.tpl
17-02-2014 12:35:39 LOADING_FILE C:\Program Files\RUSLAN Catalog\templates\common1.tpl
17-02-2014 12:35:39 FUNCTION_LOADED COMMON
17-02-2014 12:35:39 LOADING_FILE C:\Program Files\RUSLAN Catalog\TEMPLATES\common1.tpl
17-02-2014 12:35:39 FUNCTION_LOADED COMMON
17-02-2014 12:35:39 FUNCTION_LOADED MAIN
05-05-2014 12:53:49 05.05.2014 12:53:49
05-05-2014 12:53:49 LangDll+ 2.5 ver.2.5.5.6 loaded 
05-05-2014 12:53:49 LOADING_FILE C:\Program Files\RUSLAN Catalog\TEMPLATES\topograph.tpl
05-05-2014 12:53:49 FUNCTION_LOADED MAIN
05-05-2014 12:53:55 05.05.2014 12:53:55
05-05-2014 12:53:55 LangDll+ 2.5 ver.2.5.5.6 loaded 
05-05-2014 12:53:55 LOADING_FILE C:\Program Files\RUSLAN Catalog\TEMPLATES\Alphav.tpl
05-05-2014 12:53:55 LOADING_FILE C:\Program Files\RUSLAN Catalog\templates\common1.tpl
05-05-2014 12:53:55 FUNCTION_LOADED COMMON
05-05-2014 12:53:55 LOADING_FILE C:\Program Files\RUSLAN Catalog\TEMPLATES\common1.tpl
05-05-2014 12:53:55 FUNCTION_LOADED COMMON
05-05-2014 12:53:55 FUNCTION_LOADED MAIN
05-05-2014 12:54:03 05.05.2014 12:54:03
05-05-2014 12:54:03 LangDll+ 2.5 ver.2.5.5.6 loaded 
05-05-2014 12:54:03 LOADING_FILE C:\Program Files\RUSLAN Catalog\TEMPLATES\topograph.tpl
05-05-2014 12:54:03 FUNCTION_LOADED MAIN
05-05-2014 12:54:14 05.05.2014 12:54:14
05-05-2014 12:54:14 LangDll+ 2.5 ver.2.5.5.6 loaded 
05-05-2014 12:54:14 LOADING_FILE C:\Program Files\RUSLAN Catalog\TEMPLATES\topograph.tpl
05-05-2014 12:54:14 FUNCTION_LOADED MAIN
05-05-2014 12:54:16 05.05.2014 12:54:16
05-05-2014 12:54:16 LangDll+ 2.5 ver.2.5.5.6 loaded 
05-05-2014 12:54:16 LOADING_FILE C:\Program Files\RUSLAN Catalog\TEMPLATES\Alphav.tpl
05-05-2014 12:54:16 LOADING_FILE C:\Program Files\RUSLAN Catalog\templates\common1.tpl
05-05-2014 12:54:16 FUNCTION_LOADED COMMON
05-05-2014 12:54:16 LOADING_FILE C:\Program Files\RUSLAN Catalog\TEMPLATES\common1.tpl
05-05-2014 12:54:16 FUNCTION_LOADED COMMON
05-05-2014 12:54:16 FUNCTION_LOADED MAIN
05-05-2014 12:54:18 05.05.2014 12:54:18
05-05-2014 12:54:18 LangDll+ 2.5 ver.2.5.5.6 loaded 
05-05-2014 12:54:18 LOADING_FILE C:\Program Files\RUSLAN Catalog\Templates\authmain.tpl
05-05-2014 12:54:18 LOADING_FILE C:\Program Files\RUSLAN Catalog\templates\common.tpl
05-05-2014 12:54:18 FUNCTION_LOADED COMMON
05-05-2014 12:54:18 FUNCTION_LOADED MAIN
05-05-2014 13:00:10 05.05.2014 13:00:10
05-05-2014 13:00:10 LangDll+ 2.5 ver.2.5.5.6 loaded 
05-05-2014 13:00:10 LOADING_FILE C:\Program Files\RUSLAN Catalog\TEMPLATES\topograph.tpl
05-05-2014 13:00:10 FUNCTION_LOADED MAIN
05-05-2014 13:00:14 05.05.2014 13:00:14
05-05-2014 13:00:14 LangDll+ 2.5 ver.2.5.5.6 loaded 
05-05-2014 13:00:14 LOADING_FILE Templates\Analit1.ini
05-05-2014 13:00:14 FUNCTION_LOADED MAIN
05-05-2014 13:00:18 05.05.2014 13:00:18
05-05-2014 13:00:18 LangDll+ 2.5 ver.2.5.5.6 loaded 
05-05-2014 13:00:18 LOADING_FILE Templates\Analit1.ini
05-05-2014 13:00:18 FUNCTION_LOADED MAIN
05-05-2014 13:00:19 05.05.2014 13:00:19
05-05-2014 13:00:19 LangDll+ 2.5 ver.2.5.5.6 loaded 
05-05-2014 13:00:19 LOADING_FILE Templates\Analit1.ini
05-05-2014 13:00:19 FUNCTION_LOADED MAIN
05-05-2014 13:00:21 05.05.2014 13:00:21
05-05-2014 13:00:21 LangDll+ 2.5 ver.2.5.5.6 loaded 
05-05-2014 13:00:21 LOADING_FILE Templates\Analit1.ini
05-05-2014 13:00:21 FUNCTION_LOADED MAIN
05-05-2014 13:00:23 05.05.2014 13:00:23
05-05-2014 13:00:23 LangDll+ 2.5 ver.2.5.5.6 loaded 
05-05-2014 13:00:23 LOADING_FILE Templates\Analit1.ini
05-05-2014 13:00:23 FUNCTION_LOADED MAIN
05-05-2014 13:00:25 05.05.2014 13:00:25
05-05-2014 13:00:25 LangDll+ 2.5 ver.2.5.5.6 loaded 
05-05-2014 13:00:25 LOADING_FILE Templates\Analit1.ini
05-05-2014 13:00:25 FUNCTION_LOADED MAIN
05-05-2014 13:00:26 05.05.2014 13:00:26
05-05-2014 13:00:26 LangDll+ 2.5 ver.2.5.5.6 loaded 
05-05-2014 13:00:26 LOADING_FILE Templates\Analit1.ini
05-05-2014 13:00:26 FUNCTION_LOADED MAIN
05-05-2014 13:00:27 05.05.2014 13:00:27
05-05-2014 13:00:27 LangDll+ 2.5 ver.2.5.5.6 loaded 
05-05-2014 13:00:27 LOADING_FILE Templates\Analit1.ini
05-05-2014 13:00:27 FUNCTION_LOADED MAIN
05-05-2014 13:00:28 05.05.2014 13:00:28
05-05-2014 13:00:28 LangDll+ 2.5 ver.2.5.5.6 loaded 
05-05-2014 13:00:28 LOADING_FILE Templates\Analit1.ini
05-05-2014 13:00:28 FUNCTION_LOADED MAIN
05-05-2014 13:00:29 05.05.2014 13:00:29
05-05-2014 13:00:29 LangDll+ 2.5 ver.2.5.5.6 loaded 
05-05-2014 13:00:29 LOADING_FILE Templates\Analit1.ini
05-05-2014 13:00:29 FUNCTION_LOADED MAIN
05-05-2014 13:00:30 05.05.2014 13:00:30
05-05-2014 13:00:30 LangDll+ 2.5 ver.2.5.5.6 loaded 
05-05-2014 13:00:30 LOADING_FILE Templates\Analit1.ini
05-05-2014 13:00:30 FUNCTION_LOADED MAIN
05-05-2014 13:00:34 05.05.2014 13:00:34
05-05-2014 13:00:34 LangDll+ 2.5 ver.2.5.5.6 loaded 
05-05-2014 13:00:34 LOADING_FILE Templates\Analit1.ini
05-05-2014 13:00:34 FUNCTION_LOADED MAIN
05-05-2014 13:00:37 05.05.2014 13:00:37
05-05-2014 13:00:37 LangDll+ 2.5 ver.2.5.5.6 loaded 
05-05-2014 13:00:37 LOADING_FILE Templates\Analit1.ini
05-05-2014 13:00:37 FUNCTION_LOADED MAIN
05-05-2014 13:00:38 05.05.2014 13:00:38
05-05-2014 13:00:38 LangDll+ 2.5 ver.2.5.5.6 loaded 
05-05-2014 13:00:38 LOADING_FILE Templates\Analit1.ini
05-05-2014 13:00:38 FUNCTION_LOADED MAIN
05-05-2014 13:00:40 05.05.2014 13:00:40
05-05-2014 13:00:40 LangDll+ 2.5 ver.2.5.5.6 loaded 
05-05-2014 13:00:40 LOADING_FILE Templates\Analit1.ini
05-05-2014 13:00:40 FUNCTION_LOADED MAIN
05-05-2014 13:00:42 05.05.2014 13:00:42
05-05-2014 13:00:42 LangDll+ 2.5 ver.2.5.5.6 loaded 
05-05-2014 13:00:42 LOADING_FILE Templates\Analit1.ini
05-05-2014 13:00:42 FUNCTION_LOADED MAIN
05-05-2014 13:00:44 05.05.2014 13:00:44
05-05-2014 13:00:44 LangDll+ 2.5 ver.2.5.5.6 loaded 
05-05-2014 13:00:44 LOADING_FILE Templates\Analit1.ini
05-05-2014 13:00:44 FUNCTION_LOADED MAIN
05-05-2014 13:00:46 05.05.2014 13:00:46
05-05-2014 13:00:46 LangDll+ 2.5 ver.2.5.5.6 loaded 
05-05-2014 13:00:46 LOADING_FILE Templates\Analit1.ini
05-05-2014 13:00:46 FUNCTION_LOADED MAIN
05-05-2014 13:00:48 05.05.2014 13:00:48
05-05-2014 13:00:48 LangDll+ 2.5 ver.2.5.5.6 loaded 
05-05-2014 13:00:48 LOADING_FILE Templates\Analit1.ini
05-05-2014 13:00:48 FUNCTION_LOADED MAIN
05-05-2014 13:00:51 05.05.2014 13:00:51
05-05-2014 13:00:51 LangDll+ 2.5 ver.2.5.5.6 loaded 
05-05-2014 13:00:51 LOADING_FILE Templates\Analit1.ini
05-05-2014 13:00:51 FUNCTION_LOADED MAIN
05-05-2014 13:00:51 05.05.2014 13:00:51
05-05-2014 13:00:51 LangDll+ 2.5 ver.2.5.5.6 loaded 
05-05-2014 13:00:51 LOADING_FILE Templates\Analit1.ini
05-05-2014 13:00:51 FUNCTION_LOADED MAIN
05-05-2014 13:00:52 05.05.2014 13:00:52
05-05-2014 13:00:52 LangDll+ 2.5 ver.2.5.5.6 loaded 
05-05-2014 13:00:52 LOADING_FILE Templates\Analit1.ini
05-05-2014 13:00:52 FUNCTION_LOADED MAIN
05-05-2014 13:00:53 05.05.2014 13:00:53
05-05-2014 13:00:53 LangDll+ 2.5 ver.2.5.5.6 loaded 
05-05-2014 13:00:53 LOADING_FILE Templates\Analit1.ini
05-05-2014 13:00:53 FUNCTION_LOADED MAIN
05-05-2014 13:00:54 05.05.2014 13:00:54
05-05-2014 13:00:54 LangDll+ 2.5 ver.2.5.5.6 loaded 
05-05-2014 13:00:54 LOADING_FILE Templates\Analit1.ini
05-05-2014 13:00:54 FUNCTION_LOADED MAIN
05-05-2014 13:00:54 05.05.2014 13:00:54
05-05-2014 13:00:54 LangDll+ 2.5 ver.2.5.5.6 loaded 
05-05-2014 13:00:54 LOADING_FILE Templates\Analit1.ini
05-05-2014 13:00:54 FUNCTION_LOADED MAIN
05-05-2014 13:00:56 05.05.2014 13:00:56
05-05-2014 13:00:56 LangDll+ 2.5 ver.2.5.5.6 loaded 
05-05-2014 13:00:56 LOADING_FILE Templates\Analit1.ini
05-05-2014 13:00:56 FUNCTION_LOADED MAIN
05-05-2014 13:00:57 05.05.2014 13:00:57
05-05-2014 13:00:57 LangDll+ 2.5 ver.2.5.5.6 loaded 
05-05-2014 13:00:57 LOADING_FILE Templates\Analit1.ini
05-05-2014 13:00:57 FUNCTION_LOADED MAIN
05-05-2014 13:00:59 05.05.2014 13:00:59
05-05-2014 13:00:59 LangDll+ 2.5 ver.2.5.5.6 loaded 
05-05-2014 13:00:59 LOADING_FILE Templates\Analit1.ini
05-05-2014 13:00:59 FUNCTION_LOADED MAIN
05-05-2014 13:01:01 05.05.2014 13:01:01
05-05-2014 13:01:01 LangDll+ 2.5 ver.2.5.5.6 loaded 
05-05-2014 13:01:02 LOADING_FILE Templates\Analit1.ini
05-05-2014 13:01:02 FUNCTION_LOADED MAIN
05-05-2014 13:01:03 05.05.2014 13:01:03
05-05-2014 13:01:03 LangDll+ 2.5 ver.2.5.5.6 loaded 
05-05-2014 13:01:03 LOADING_FILE Templates\Analit1.ini
05-05-2014 13:01:03 FUNCTION_LOADED MAIN
05-05-2014 13:01:08 05.05.2014 13:01:08
05-05-2014 13:01:08 LangDll+ 2.5 ver.2.5.5.6 loaded 
05-05-2014 13:01:08 LOADING_FILE Templates\Analit1.ini
05-05-2014 13:01:08 FUNCTION_LOADED MAIN
05-05-2014 13:01:14 05.05.2014 13:01:14
05-05-2014 13:01:14 LangDll+ 2.5 ver.2.5.5.6 loaded 
05-05-2014 13:01:14 LOADING_FILE Templates\Analit1.ini
05-05-2014 13:01:14 FUNCTION_LOADED MAIN
05-05-2014 13:01:15 05.05.2014 13:01:15
05-05-2014 13:01:15 LangDll+ 2.5 ver.2.5.5.6 loaded 
05-05-2014 13:01:15 LOADING_FILE Templates\Analit1.ini
05-05-2014 13:01:15 FUNCTION_LOADED MAIN
05-05-2014 13:01:16 05.05.2014 13:01:16
05-05-2014 13:01:16 LangDll+ 2.5 ver.2.5.5.6 loaded 
05-05-2014 13:01:16 LOADING_FILE Templates\Analit1.ini
05-05-2014 13:01:16 FUNCTION_LOADED MAIN
05-05-2014 13:01:17 05.05.2014 13:01:17
05-05-2014 13:01:17 LangDll+ 2.5 ver.2.5.5.6 loaded 
05-05-2014 13:01:17 LOADING_FILE Templates\Analit1.ini
05-05-2014 13:01:17 FUNCTION_LOADED MAIN
05-05-2014 13:01:18 05.05.2014 13:01:18
05-05-2014 13:01:18 LangDll+ 2.5 ver.2.5.5.6 loaded 
05-05-2014 13:01:18 LOADING_FILE Templates\Analit1.ini
05-05-2014 13:01:18 FUNCTION_LOADED MAIN
05-05-2014 13:01:20 05.05.2014 13:01:20
05-05-2014 13:01:20 LangDll+ 2.5 ver.2.5.5.6 loaded 
05-05-2014 13:01:20 LOADING_FILE Templates\Analit1.ini
05-05-2014 13:01:20 FUNCTION_LOADED MAIN
05-05-2014 13:01:20 05.05.2014 13:01:20
05-05-2014 13:01:20 LangDll+ 2.5 ver.2.5.5.6 loaded 
05-05-2014 13:01:20 LOADING_FILE Templates\Analit1.ini
05-05-2014 13:01:20 FUNCTION_LOADED MAIN
28-11-2014 11:38:15 28.11.2014 11:38:15
28-11-2014 11:38:15 LangDll+ 2.5 ver.2.5.5.6 loaded 
28-11-2014 11:38:15 LOADING_FILE C:\Program Files\RUSLAN Catalog\Templates\bulletin.tpl
28-11-2014 11:38:15 LOADING_FILE C:\Program Files\RUSLAN Catalog\templates\com_bul.tpl
28-11-2014 11:38:15 FUNCTION_LOADED COMMON
28-11-2014 11:38:15 FUNCTION_LOADED MAIN
05-12-2014 13:26:27 05.12.2014 13:26:27
05-12-2014 13:26:27 LangDll+ 2.5 ver.2.5.5.6 loaded 
05-12-2014 13:26:27 LOADING_FILE C:\Program Files\RUSLAN Catalog\Templates\Analit1.ini
05-12-2014 13:26:27 FUNCTION_LOADED MAIN
05-12-2014 13:26:40 05.12.2014 13:26:40
05-12-2014 13:26:40 LangDll+ 2.5 ver.2.5.5.6 loaded 
05-12-2014 13:26:40 LOADING_FILE C:\Program Files\RUSLAN Catalog\Templates\Analit1.ini
05-12-2014 13:26:40 FUNCTION_LOADED MAIN
05-12-2014 13:28:12 05.12.2014 13:28:12
05-12-2014 13:28:12 LangDll+ 2.5 ver.2.5.5.6 loaded 
05-12-2014 13:28:12 LOADING_FILE C:\Program Files\RUSLAN Catalog\Templates\Analit1.ini
05-12-2014 13:28:12 FUNCTION_LOADED MAIN
05-12-2014 13:28:19 05.12.2014 13:28:19
05-12-2014 13:28:19 LangDll+ 2.5 ver.2.5.5.6 loaded 
05-12-2014 13:28:19 LOADING_FILE C:\Program Files\RUSLAN Catalog\Templates\Analit1.ini
05-12-2014 13:28:19 FUNCTION_LOADED MAIN
05-12-2014 13:28:22 05.12.2014 13:28:22
05-12-2014 13:28:22 LangDll+ 2.5 ver.2.5.5.6 loaded 
05-12-2014 13:28:22 LOADING_FILE C:\Program Files\RUSLAN Catalog\Templates\Analit1.ini
05-12-2014 13:28:22 FUNCTION_LOADED MAIN
06-02-2015 15:49:37 06.02.2015 15:49:37
06-02-2015 15:49:37 LangDll+ 2.5 ver.2.5.5.6 loaded 
06-02-2015 15:49:37 LOADING_FILE C:\Program Files\RUSLAN Catalog\Templates\Analit1.ini
06-02-2015 15:49:37 FUNCTION_LOADED MAIN
06-02-2015 15:51:34 06.02.2015 15:51:34
06-02-2015 15:51:34 LangDll+ 2.5 ver.2.5.5.6 loaded 
06-02-2015 15:51:34 LOADING_FILE C:\Program Files\RUSLAN Catalog\Templates\bulletin.tpl
06-02-2015 15:51:34 LOADING_FILE C:\Program Files\RUSLAN Catalog\templates\com_bul.tpl
06-02-2015 15:51:35 FUNCTION_LOADED COMMON
06-02-2015 15:51:35 FUNCTION_LOADED MAIN
10-03-2015 12:11:54 10.03.2015 12:11:54
10-03-2015 12:11:54 LangDll+ 2.5 ver.2.5.5.6 loaded 
10-03-2015 12:11:54 LOADING_FILE C:\Program Files\RUSLAN Catalog\Templates\Analit1.ini
10-03-2015 12:11:54 FUNCTION_LOADED MAIN
10-03-2015 12:18:19 10.03.2015 12:18:19
10-03-2015 12:18:19 LangDll+ 2.5 ver.2.5.5.6 loaded 
10-03-2015 12:18:19 LOADING_FILE C:\Program Files\RUSLAN Catalog\Templates\bulletin.tpl
10-03-2015 12:18:19 LOADING_FILE C:\Program Files\RUSLAN Catalog\templates\com_bul.tpl
10-03-2015 12:18:19 FUNCTION_LOADED COMMON
10-03-2015 12:18:19 FUNCTION_LOADED MAIN
10-03-2015 12:21:46 10.03.2015 12:21:46
10-03-2015 12:21:46 LangDll+ 2.5 ver.2.5.5.6 loaded 
10-03-2015 12:21:46 LOADING_FILE C:\Program Files\RUSLAN Catalog\Templates\bulletin.tpl
10-03-2015 12:21:46 LOADING_FILE C:\Program Files\RUSLAN Catalog\templates\com_bul.tpl
10-03-2015 12:21:46 FUNCTION_LOADED COMMON
10-03-2015 12:21:46 FUNCTION_LOADED MAIN
10-03-2015 12:25:44 10.03.2015 12:25:44
10-03-2015 12:25:44 LangDll+ 2.5 ver.2.5.5.6 loaded 
10-03-2015 12:25:44 LOADING_FILE C:\Program Files\RUSLAN Catalog\Templates\bulletin.tpl
10-03-2015 12:25:44 LOADING_FILE C:\Program Files\RUSLAN Catalog\templates\com_bul.tpl
10-03-2015 12:25:44 FUNCTION_LOADED COMMON
10-03-2015 12:25:44 FUNCTION_LOADED MAIN
10-03-2015 12:26:55 10.03.2015 12:26:55
10-03-2015 12:26:55 LangDll+ 2.5 ver.2.5.5.6 loaded 
10-03-2015 12:26:55 LOADING_FILE C:\Program Files\RUSLAN Catalog\Templates\bulletin.tpl
10-03-2015 12:26:55 LOADING_FILE C:\Program Files\RUSLAN Catalog\templates\com_bul.tpl
10-03-2015 12:26:55 FUNCTION_LOADED COMMON
10-03-2015 12:26:55 FUNCTION_LOADED MAIN
10-03-2015 12:27:59 10.03.2015 12:27:59
10-03-2015 12:27:59 LangDll+ 2.5 ver.2.5.5.6 loaded 
10-03-2015 12:27:59 LOADING_FILE C:\Program Files\RUSLAN Catalog\Templates\bulletin.tpl
10-03-2015 12:27:59 LOADING_FILE C:\Program Files\RUSLAN Catalog\templates\com_bul.tpl
10-03-2015 12:27:59 FUNCTION_LOADED COMMON
10-03-2015 12:27:59 FUNCTION_LOADED MAIN
10-03-2015 13:10:12 10.03.2015 13:10:12
10-03-2015 13:10:12 LangDll+ 2.5 ver.2.5.5.6 loaded 
10-03-2015 13:10:12 LOADING_FILE C:\Program Files\RUSLAN Catalog\Templates\bulletin.tpl
10-03-2015 13:10:12 LOADING_FILE C:\Program Files\RUSLAN Catalog\templates\com_bul.tpl
10-03-2015 13:10:12 FUNCTION_LOADED COMMON
10-03-2015 13:10:12 FUNCTION_LOADED MAIN
11-03-2015 09:55:25 11.03.2015 9:55:25
11-03-2015 09:55:25 LangDll+ 2.5 ver.2.5.5.6 loaded 
11-03-2015 09:55:25 LOADING_FILE C:\Program Files\RUSLAN Catalog\Templates\bulletin.tpl
11-03-2015 09:55:25 LOADING_FILE C:\Program Files\RUSLAN Catalog\templates\com_bul.tpl
11-03-2015 09:55:25 FUNCTION_LOADED COMMON
11-03-2015 09:55:25 FUNCTION_LOADED MAIN
11-03-2015 09:58:05 11.03.2015 9:58:05
11-03-2015 09:58:05 LangDll+ 2.5 ver.2.5.5.6 loaded 
11-03-2015 09:58:05 LOADING_FILE C:\Program Files\RUSLAN Catalog\Templates\bulletin.tpl
11-03-2015 09:58:05 LOADING_FILE C:\Program Files\RUSLAN Catalog\templates\com_bul.tpl
11-03-2015 09:58:05 FUNCTION_LOADED COMMON
11-03-2015 09:58:06 FUNCTION_LOADED MAIN
11-03-2015 09:59:03 11.03.2015 9:59:03
11-03-2015 09:59:03 LangDll+ 2.5 ver.2.5.5.6 loaded 
11-03-2015 09:59:03 LOADING_FILE C:\Program Files\RUSLAN Catalog\Templates\bulletin.tpl
11-03-2015 09:59:03 LOADING_FILE C:\Program Files\RUSLAN Catalog\templates\com_bul.tpl
11-03-2015 09:59:03 FUNCTION_LOADED COMMON
11-03-2015 09:59:03 FUNCTION_LOADED MAIN
11-03-2015 09:59:09 Ошибка. FILE Файл C:\Program Files\RUSLAN Catalog\templates\com_bul.tpl Ошибка шаблона. Строка 381. Ошибка оператора ,999,0,($p?$p"   ")),Side1) Объект DOC функция OUT FUNCTION_MARC INDEX_OUT_OF_RANGE 
11-03-2015 09:59:15 Ошибка. FILE Файл C:\Program Files\RUSLAN Catalog\templates\com_bul.tpl Ошибка шаблона. Строка 381. Ошибка оператора ,999,0,($p?$p"   ")),Side1) Объект DOC функция OUT FUNCTION_MARC INDEX_OUT_OF_RANGE 
11-03-2015 09:59:17 Ошибка. FILE Файл C:\Program Files\RUSLAN Catalog\templates\com_bul.tpl Ошибка шаблона. Строка 381. Ошибка оператора ,999,0,($p?$p"   ")),Side1) Объект DOC функция OUT FUNCTION_MARC INDEX_OUT_OF_RANGE 
11-03-2015 09:59:18 Ошибка. FILE Файл C:\Program Files\RUSLAN Catalog\templates\com_bul.tpl Ошибка шаблона. Строка 381. Ошибка оператора ,999,0,($p?$p"   ")),Side1) Объект DOC функция OUT FUNCTION_MARC INDEX_OUT_OF_RANGE 
11-03-2015 09:59:25 11.03.2015 9:59:25
11-03-2015 09:59:25 LangDll+ 2.5 ver.2.5.5.6 loaded 
11-03-2015 09:59:25 LOADING_FILE C:\Program Files\RUSLAN Catalog\Templates\bulletin.tpl
11-03-2015 09:59:25 LOADING_FILE C:\Program Files\RUSLAN Catalog\templates\com_bul.tpl
11-03-2015 09:59:25 FUNCTION_LOADED COMMON
11-03-2015 09:59:25 FUNCTION_LOADED MAIN
11-03-2015 09:59:35 Ошибка. FILE Файл C:\Program Files\RUSLAN Catalog\templates\com_bul.tpl Ошибка шаблона. Строка 381. Ошибка оператора ,999,0,($p?$p"   ")),Side1) Объект DOC функция OUT FUNCTION_MARC INDEX_OUT_OF_RANGE 
11-03-2015 09:59:41 Ошибка. FILE Файл C:\Program Files\RUSLAN Catalog\templates\com_bul.tpl Ошибка шаблона. Строка 381. Ошибка оператора ,999,0,($p?$p"   ")),Side1) Объект DOC функция OUT FUNCTION_MARC INDEX_OUT_OF_RANGE 
11-03-2015 09:59:42 Ошибка. FILE Файл C:\Program Files\RUSLAN Catalog\templates\com_bul.tpl Ошибка шаблона. Строка 381. Ошибка оператора ,999,0,($p?$p"   ")),Side1) Объект DOC функция OUT FUNCTION_MARC INDEX_OUT_OF_RANGE 
11-03-2015 09:59:43 Ошибка. FILE Файл C:\Program Files\RUSLAN Catalog\templates\com_bul.tpl Ошибка шаблона. Строка 381. Ошибка оператора ,999,0,($p?$p"   ")),Side1) Объект DOC функция OUT FUNCTION_MARC INDEX_OUT_OF_RANGE 
11-03-2015 09:59:43 Ошибка. FILE Файл C:\Program Files\RUSLAN Catalog\templates\com_bul.tpl Ошибка шаблона. Строка 381. Ошибка оператора ,999,0,($p?$p"   ")),Side1) Объект DOC функция OUT FUNCTION_MARC INDEX_OUT_OF_RANGE 
11-03-2015 09:59:44 Ошибка. FILE Файл C:\Program Files\RUSLAN Catalog\templates\com_bul.tpl Ошибка шаблона. Строка 381. Ошибка оператора ,999,0,($p?$p"   ")),Side1) Объект DOC функция OUT FUNCTION_MARC INDEX_OUT_OF_RANGE 
11-03-2015 09:59:53 Ошибка. FILE Файл C:\Program Files\RUSLAN Catalog\templates\com_bul.tpl Ошибка шаблона. Строка 381. Ошибка оператора ,999,0,($p?$p"   ")),Side1) Объект DOC функция OUT FUNCTION_MARC INDEX_OUT_OF_RANGE 
11-03-2015 09:59:54 Ошибка. FILE Файл C:\Program Files\RUSLAN Catalog\templates\com_bul.tpl Ошибка шаблона. Строка 381. Ошибка оператора ,999,0,($p?$p"   ")),Side1) Объект DOC функция OUT FUNCTION_MARC INDEX_OUT_OF_RANGE 
11-03-2015 09:59:54 Ошибка. FILE Файл C:\Program Files\RUSLAN Catalog\templates\com_bul.tpl Ошибка шаблона. Строка 381. Ошибка оператора ,999,0,($p?$p"   ")),Side1) Объект DOC функция OUT FUNCTION_MARC INDEX_OUT_OF_RANGE 
11-03-2015 09:59:55 Ошибка. FILE Файл C:\Program Files\RUSLAN Catalog\templates\com_bul.tpl Ошибка шаблона. Строка 381. Ошибка оператора ,999,0,($p?$p"   ")),Side1) Объект DOC функция OUT FUNCTION_MARC INDEX_OUT_OF_RANGE 
11-03-2015 09:59:55 Ошибка. FILE Файл C:\Program Files\RUSLAN Catalog\templates\com_bul.tpl Ошибка шаблона. Строка 381. Ошибка оператора ,999,0,($p?$p"   ")),Side1) Объект DOC функция OUT FUNCTION_MARC INDEX_OUT_OF_RANGE 
11-03-2015 10:08:35 11.03.2015 10:08:35
11-03-2015 10:08:35 LangDll+ 2.5 ver.2.5.5.6 loaded 
11-03-2015 10:08:35 LOADING_FILE C:\Program Files\RUSLAN Catalog\Templates\bulletin.tpl
11-03-2015 10:08:35 LOADING_FILE C:\Program Files\RUSLAN Catalog\templates\com_bul.tpl
11-03-2015 10:08:35 FUNCTION_LOADED COMMON
11-03-2015 10:08:35 FUNCTION_LOADED MAIN
11-03-2015 10:08:45 Ошибка. FILE Файл C:\Program Files\RUSLAN Catalog\templates\com_bul.tpl Ошибка шаблона. Строка 381. Ошибка оператора ,999,0,($p?$p"   ")),Side1) Объект DOC функция OUT FUNCTION_MARC INDEX_OUT_OF_RANGE 
11-03-2015 10:08:46 Ошибка. FILE Файл C:\Program Files\RUSLAN Catalog\templates\com_bul.tpl Ошибка шаблона. Строка 381. Ошибка оператора ,999,0,($p?$p"   ")),Side1) Объект DOC функция OUT FUNCTION_MARC INDEX_OUT_OF_RANGE 
11-03-2015 10:08:47 Ошибка. FILE Файл C:\Program Files\RUSLAN Catalog\templates\com_bul.tpl Ошибка шаблона. Строка 381. Ошибка оператора ,999,0,($p?$p"   ")),Side1) Объект DOC функция OUT FUNCTION_MARC INDEX_OUT_OF_RANGE 
11-03-2015 10:08:49 Ошибка. FILE Файл C:\Program Files\RUSLAN Catalog\templates\com_bul.tpl Ошибка шаблона. Строка 381. Ошибка оператора ,999,0,($p?$p"   ")),Side1) Объект DOC функция OUT FUNCTION_MARC INDEX_OUT_OF_RANGE 
11-03-2015 10:08:51 Ошибка. FILE Файл C:\Program Files\RUSLAN Catalog\templates\com_bul.tpl Ошибка шаблона. Строка 381. Ошибка оператора ,999,0,($p?$p"   ")),Side1) Объект DOC функция OUT FUNCTION_MARC INDEX_OUT_OF_RANGE 
11-03-2015 10:08:52 Ошибка. FILE Файл C:\Program Files\RUSLAN Catalog\templates\com_bul.tpl Ошибка шаблона. Строка 381. Ошибка оператора ,999,0,($p?$p"   ")),Side1) Объект DOC функция OUT FUNCTION_MARC INDEX_OUT_OF_RANGE 
11-03-2015 10:08:53 Ошибка. In Line 382. Ошибка оператора ,999,0,($p?$p"   ")),Side1) Объект DOC функция OUT FUNCTION_MARC INDEX_OUT_OF_RANGE 
11-03-2015 11:02:26 11.03.2015 11:02:26
11-03-2015 11:02:26 LangDll+ 2.5 ver.2.5.5.6 loaded 
11-03-2015 11:02:26 LOADING_FILE C:\Program Files\RUSLAN Catalog\Templates\bulletin.tpl
11-03-2015 11:02:26 LOADING_FILE C:\Program Files\RUSLAN Catalog\templates\com_bul.tpl
11-03-2015 11:02:26 FUNCTION_LOADED COMMON
11-03-2015 11:02:26 FUNCTION_LOADED MAIN
11-03-2015 11:02:35 Ошибка. FILE Файл C:\Program Files\RUSLAN Catalog\templates\com_bul.tpl Ошибка шаблона. Строка 381. Ошибка оператора ,999,0,($p?$p"   ")),Side1) Объект DOC функция OUT FUNCTION_MARC INDEX_OUT_OF_RANGE 
11-03-2015 11:02:50 Ошибка. FILE Файл C:\Program Files\RUSLAN Catalog\templates\com_bul.tpl Ошибка шаблона. Строка 381. Ошибка оператора ,999,0,($p?$p"   ")),Side1) Объект DOC функция OUT FUNCTION_MARC INDEX_OUT_OF_RANGE 
11-03-2015 11:02:51 Ошибка. FILE Файл C:\Program Files\RUSLAN Catalog\templates\com_bul.tpl Ошибка шаблона. Строка 381. Ошибка оператора ,999,0,($p?$p"   ")),Side1) Объект DOC функция OUT FUNCTION_MARC INDEX_OUT_OF_RANGE 
11-03-2015 11:02:52 Ошибка. FILE Файл C:\Program Files\RUSLAN Catalog\templates\com_bul.tpl Ошибка шаблона. Строка 381. Ошибка оператора ,999,0,($p?$p"   ")),Side1) Объект DOC функция OUT FUNCTION_MARC INDEX_OUT_OF_RANGE 
11-03-2015 11:02:53 Ошибка. FILE Файл C:\Program Files\RUSLAN Catalog\templates\com_bul.tpl Ошибка шаблона. Строка 381. Ошибка оператора ,999,0,($p?$p"   ")),Side1) Объект DOC функция OUT FUNCTION_MARC INDEX_OUT_OF_RANGE 
11-03-2015 11:02:54 Ошибка. FILE Файл C:\Program Files\RUSLAN Catalog\templates\com_bul.tpl Ошибка шаблона. Строка 381. Ошибка оператора ,999,0,($p?$p"   ")),Side1) Объект DOC функция OUT FUNCTION_MARC INDEX_OUT_OF_RANGE 
11-03-2015 11:02:54 Ошибка. FILE Файл C:\Program Files\RUSLAN Catalog\templates\com_bul.tpl Ошибка шаблона. Строка 381. Ошибка оператора ,999,0,($p?$p"   ")),Side1) Объект DOC функция OUT FUNCTION_MARC INDEX_OUT_OF_RANGE 
11-03-2015 11:02:55 Ошибка. FILE Файл C:\Program Files\RUSLAN Catalog\templates\com_bul.tpl Ошибка шаблона. Строка 381. Ошибка оператора ,999,0,($p?$p"   ")),Side1) Объект DOC функция OUT FUNCTION_MARC INDEX_OUT_OF_RANGE 
11-03-2015 11:02:56 Ошибка. FILE Файл C:\Program Files\RUSLAN Catalog\templates\com_bul.tpl Ошибка шаблона. Строка 381. Ошибка оператора ,999,0,($p?$p"   ")),Side1) Объект DOC функция OUT FUNCTION_MARC INDEX_OUT_OF_RANGE 
11-03-2015 11:02:56 Ошибка. FILE Файл C:\Program Files\RUSLAN Catalog\templates\com_bul.tpl Ошибка шаблона. Строка 381. Ошибка оператора ,999,0,($p?$p"   ")),Side1) Объект DOC функция OUT FUNCTION_MARC INDEX_OUT_OF_RANGE 
11-03-2015 11:02:56 Ошибка. FILE Файл C:\Program Files\RUSLAN Catalog\templates\com_bul.tpl Ошибка шаблона. Строка 381. Ошибка оператора ,999,0,($p?$p"   ")),Side1) Объект DOC функция OUT FUNCTION_MARC INDEX_OUT_OF_RANGE 
11-03-2015 11:02:57 Ошибка. FILE Файл C:\Program Files\RUSLAN Catalog\templates\com_bul.tpl Ошибка шаблона. Строка 381. Ошибка оператора ,999,0,($p?$p"   ")),Side1) Объект DOC функция OUT FUNCTION_MARC INDEX_OUT_OF_RANGE 
11-03-2015 11:02:58 Ошибка. FILE Файл C:\Program Files\RUSLAN Catalog\templates\com_bul.tpl Ошибка шаблона. Строка 381. Ошибка оператора ,999,0,($p?$p"   ")),Side1) Объект DOC функция OUT FUNCTION_MARC INDEX_OUT_OF_RANGE 
11-03-2015 11:02:58 Ошибка. FILE Файл C:\Program Files\RUSLAN Catalog\templates\com_bul.tpl Ошибка шаблона. Строка 381. Ошибка оператора ,999,0,($p?$p"   ")),Side1) Объект DOC функция OUT FUNCTION_MARC INDEX_OUT_OF_RANGE 
11-03-2015 11:03:00 Ошибка. FILE Файл C:\Program Files\RUSLAN Catalog\templates\com_bul.tpl Ошибка шаблона. Строка 381. Ошибка оператора ,999,0,($p?$p"   ")),Side1) Объект DOC функция OUT FUNCTION_MARC INDEX_OUT_OF_RANGE 
11-03-2015 11:03:00 Ошибка. FILE Файл C:\Program Files\RUSLAN Catalog\templates\com_bul.tpl Ошибка шаблона. Строка 381. Ошибка оператора ,999,0,($p?$p"   ")),Side1) Объект DOC функция OUT FUNCTION_MARC INDEX_OUT_OF_RANGE 
11-03-2015 11:03:01 Ошибка. FILE Файл C:\Program Files\RUSLAN Catalog\templates\com_bul.tpl Ошибка шаблона. Строка 381. Ошибка оператора ,999,0,($p?$p"   ")),Side1) Объект DOC функция OUT FUNCTION_MARC INDEX_OUT_OF_RANGE 
11-03-2015 11:03:02 Ошибка. FILE Файл C:\Program Files\RUSLAN Catalog\templates\com_bul.tpl Ошибка шаблона. Строка 381. Ошибка оператора ,999,0,($p?$p"   ")),Side1) Объект DOC функция OUT FUNCTION_MARC INDEX_OUT_OF_RANGE 
11-03-2015 11:03:02 Ошибка. FILE Файл C:\Program Files\RUSLAN Catalog\templates\com_bul.tpl Ошибка шаблона. Строка 381. Ошибка оператора ,999,0,($p?$p"   ")),Side1) Объект DOC функция OUT FUNCTION_MARC INDEX_OUT_OF_RANGE 
11-03-2015 11:03:03 Ошибка. FILE Файл C:\Program Files\RUSLAN Catalog\templates\com_bul.tpl Ошибка шаблона. Строка 381. Ошибка оператора ,999,0,($p?$p"   ")),Side1) Объект DOC функция OUT FUNCTION_MARC INDEX_OUT_OF_RANGE 
11-03-2015 11:03:04 Ошибка. FILE Файл C:\Program Files\RUSLAN Catalog\templates\com_bul.tpl Ошибка шаблона. Строка 381. Ошибка оператора ,999,0,($p?$p"   ")),Side1) Объект DOC функция OUT FUNCTION_MARC INDEX_OUT_OF_RANGE 
11-03-2015 11:03:04 Ошибка. FILE Файл C:\Program Files\RUSLAN Catalog\templates\com_bul.tpl Ошибка шаблона. Строка 381. Ошибка оператора ,999,0,($p?$p"   ")),Side1) Объект DOC функция OUT FUNCTION_MARC INDEX_OUT_OF_RANGE 
11-03-2015 11:03:05 Ошибка. FILE Файл C:\Program Files\RUSLAN Catalog\templates\com_bul.tpl Ошибка шаблона. Строка 381. Ошибка оператора ,999,0,($p?$p"   ")),Side1) Объект DOC функция OUT FUNCTION_MARC INDEX_OUT_OF_RANGE 
11-03-2015 11:03:08 Ошибка. FILE Файл C:\Program Files\RUSLAN Catalog\templates\com_bul.tpl Ошибка шаблона. Строка 381. Ошибка оператора ,999,0,($p?$p"   ")),Side1) Объект DOC функция OUT FUNCTION_MARC INDEX_OUT_OF_RANGE 
11-03-2015 11:03:09 Ошибка. FILE Файл C:\Program Files\RUSLAN Catalog\templates\com_bul.tpl Ошибка шаблона. Строка 381. Ошибка оператора ,999,0,($p?$p"   ")),Side1) Объект DOC функция OUT FUNCTION_MARC INDEX_OUT_OF_RANGE 
11-03-2015 11:03:10 Ошибка. FILE Файл C:\Program Files\RUSLAN Catalog\templates\com_bul.tpl Ошибка шаблона. Строка 381. Ошибка оператора ,999,0,($p?$p"   ")),Side1) Объект DOC функция OUT FUNCTION_MARC INDEX_OUT_OF_RANGE 
11-03-2015 11:07:46 11.03.2015 11:07:46
11-03-2015 11:07:46 LangDll+ 2.5 ver.2.5.5.6 loaded 
11-03-2015 11:07:46 LOADING_FILE C:\Program Files\RUSLAN Catalog\Templates\bulletin.tpl
11-03-2015 11:07:46 LOADING_FILE C:\Program Files\RUSLAN Catalog\templates\com_bul.tpl
11-03-2015 11:07:46 FUNCTION_LOADED COMMON
11-03-2015 11:07:46 FUNCTION_LOADED MAIN
11-03-2015 11:07:54 Ошибка. FILE Файл C:\Program Files\RUSLAN Catalog\templates\com_bul.tpl Ошибка шаблона. Строка 381. Ошибка оператора ,999,0,($p?$p"   ")),Side1) Объект DOC функция OUT FUNCTION_MARC INDEX_OUT_OF_RANGE 
11-03-2015 11:08:03 Ошибка. FILE Файл C:\Program Files\RUSLAN Catalog\templates\com_bul.tpl Ошибка шаблона. Строка 381. Ошибка оператора ,999,0,($p?$p"   ")),Side1) Объект DOC функция OUT FUNCTION_MARC INDEX_OUT_OF_RANGE 
11-03-2015 11:08:04 Ошибка. FILE Файл C:\Program Files\RUSLAN Catalog\templates\com_bul.tpl Ошибка шаблона. Строка 381. Ошибка оператора ,999,0,($p?$p"   ")),Side1) Объект DOC функция OUT FUNCTION_MARC INDEX_OUT_OF_RANGE 
11-03-2015 11:08:05 Ошибка. FILE Файл C:\Program Files\RUSLAN Catalog\templates\com_bul.tpl Ошибка шаблона. Строка 381. Ошибка оператора ,999,0,($p?$p"   ")),Side1) Объект DOC функция OUT FUNCTION_MARC INDEX_OUT_OF_RANGE 
11-03-2015 11:08:05 Ошибка. FILE Файл C:\Program Files\RUSLAN Catalog\templates\com_bul.tpl Ошибка шаблона. Строка 381. Ошибка оператора ,999,0,($p?$p"   ")),Side1) Объект DOC функция OUT FUNCTION_MARC INDEX_OUT_OF_RANGE 
11-03-2015 11:08:05 Ошибка. FILE Файл C:\Program Files\RUSLAN Catalog\templates\com_bul.tpl Ошибка шаблона. Строка 381. Ошибка оператора ,999,0,($p?$p"   ")),Side1) Объект DOC функция OUT FUNCTION_MARC INDEX_OUT_OF_RANGE 
06-05-2015 16:25:00 06.05.2015 16:25:00
06-05-2015 16:25:00 LangDll+ 2.5 ver.2.5.5.6 loaded 
06-05-2015 16:25:00 LOADING_FILE C:\Program Files\RUSLAN Catalog\Templates\analit_gurnal.tpl
06-05-2015 16:25:00 FUNCTION_LOADED MAIN
06-05-2015 16:31:22 06.05.2015 16:31:22
06-05-2015 16:31:22 LangDll+ 2.5 ver.2.5.5.6 loaded 
06-05-2015 16:31:22 LOADING_FILE C:\Program Files\RUSLAN Catalog\Templates\analit_gurnal.tpl
06-05-2015 16:31:22 FUNCTION_LOADED MAIN
07-05-2015 15:10:55 07.05.2015 15:10:55
07-05-2015 15:10:55 LangDll+ 2.5 ver.2.5.5.6 loaded 
07-05-2015 15:10:55 LOADING_FILE C:\Program Files\RUSLAN Catalog\Templates\analit_gurnal.tpl
07-05-2015 15:10:55 FUNCTION_LOADED MAIN
07-05-2015 15:13:00 07.05.2015 15:13:00
07-05-2015 15:13:00 LangDll+ 2.5 ver.2.5.5.6 loaded 
07-05-2015 15:13:00 LOADING_FILE C:\Program Files\RUSLAN Catalog\Templates\analit_gurnal.tpl
07-05-2015 15:13:00 FUNCTION_LOADED MAIN
07-05-2015 16:13:57 07.05.2015 16:13:57
07-05-2015 16:13:57 LangDll+ 2.5 ver.2.5.5.6 loaded 
07-05-2015 16:13:57 LOADING_FILE C:\Program Files\RUSLAN Catalog\Templates\analit_gurnal.tpl
07-05-2015 16:13:57 FUNCTION_LOADED MAIN
07-05-2015 16:17:20 07.05.2015 16:17:20
07-05-2015 16:17:20 LangDll+ 2.5 ver.2.5.5.6 loaded 
07-05-2015 16:17:20 LOADING_FILE C:\Program Files\RUSLAN Catalog\Templates\analit_gurnal.tpl
07-05-2015 16:17:20 FUNCTION_LOADED MAIN
07-05-2015 16:18:16 07.05.2015 16:18:16
07-05-2015 16:18:16 LangDll+ 2.5 ver.2.5.5.6 loaded 
07-05-2015 16:18:16 LOADING_FILE C:\Program Files\RUSLAN Catalog\Templates\analit_gurnal.tpl
07-05-2015 16:18:16 FUNCTION_LOADED MAIN
07-05-2015 16:18:39 07.05.2015 16:18:39
07-05-2015 16:18:39 LangDll+ 2.5 ver.2.5.5.6 loaded 
07-05-2015 16:18:39 LOADING_FILE C:\Program Files\RUSLAN Catalog\Templates\analit_gurnal.tpl
07-05-2015 16:18:39 FUNCTION_LOADED MAIN
07-05-2015 16:20:05 07.05.2015 16:20:05
07-05-2015 16:20:05 LangDll+ 2.5 ver.2.5.5.6 loaded 
07-05-2015 16:20:05 LOADING_FILE C:\Program Files\RUSLAN Catalog\Templates\analit_gurnal.tpl
07-05-2015 16:20:05 FUNCTION_LOADED MAIN
07-05-2015 16:44:24 07.05.2015 16:44:24
07-05-2015 16:44:24 LangDll+ 2.5 ver.2.5.5.6 loaded 
07-05-2015 16:44:24 LOADING_FILE C:\Program Files\RUSLAN Catalog\Templates\analit_gurnal.tpl
07-05-2015 16:44:24 FUNCTION_LOADED MAIN
12-05-2015 12:17:14 12.05.2015 12:17:14
12-05-2015 12:17:14 LangDll+ 2.5 ver.2.5.5.6 loaded 
12-05-2015 12:17:14 LOADING_FILE C:\Program Files\RUSLAN Catalog\Templates\analit_gurnal.tpl
12-05-2015 12:17:14 FUNCTION_LOADED MAIN
12-05-2015 12:40:02 12.05.2015 12:40:02
12-05-2015 12:40:02 LangDll+ 2.5 ver.2.5.5.6 loaded 
12-05-2015 12:40:02 LOADING_FILE C:\Program Files\RUSLAN Catalog\Templates\analit_gurnal.tpl
12-05-2015 12:40:02 FUNCTION_LOADED MAIN
12-05-2015 13:10:35 12.05.2015 13:10:35
12-05-2015 13:10:35 LangDll+ 2.5 ver.2.5.5.6 loaded 
12-05-2015 13:10:35 LOADING_FILE C:\Program Files\RUSLAN Catalog\Templates\analit_gurnal.tpl
12-05-2015 13:10:35 FUNCTION_LOADED MAIN
12-05-2015 15:15:39 12.05.2015 15:15:39
12-05-2015 15:15:39 LangDll+ 2.5 ver.2.5.5.6 loaded 
12-05-2015 15:15:39 LOADING_FILE C:\Program Files\RUSLAN Catalog\Templates\analit_gurnal.tpl
12-05-2015 15:15:39 FUNCTION_LOADED MAIN
12-05-2015 15:39:46 12.05.2015 15:39:46
12-05-2015 15:39:46 LangDll+ 2.5 ver.2.5.5.6 loaded 
12-05-2015 15:39:46 LOADING_FILE C:\Program Files\RUSLAN Catalog\Templates\analit_gurnal.tpl
12-05-2015 15:39:46 FUNCTION_LOADED MAIN
12-05-2015 16:00:19 12.05.2015 16:00:19
12-05-2015 16:00:19 LangDll+ 2.5 ver.2.5.5.6 loaded 
12-05-2015 16:00:19 LOADING_FILE C:\Program Files\RUSLAN Catalog\Templates\analit_gurnal.tpl
12-05-2015 16:00:19 FUNCTION_LOADED MAIN
12-05-2015 16:47:11 12.05.2015 16:47:11
12-05-2015 16:47:11 LangDll+ 2.5 ver.2.5.5.6 loaded 
12-05-2015 16:47:11 LOADING_FILE C:\Program Files\RUSLAN Catalog\Templates\analit_gurnal.tpl
12-05-2015 16:47:11 FUNCTION_LOADED MAIN
13-05-2015 12:03:19 13.05.2015 12:03:19
13-05-2015 12:03:19 LangDll+ 2.5 ver.2.5.5.6 loaded 
13-05-2015 12:03:19 LOADING_FILE C:\Program Files\RUSLAN Catalog\Templates\analit_gurnal.tpl
13-05-2015 12:03:19 FUNCTION_LOADED MAIN
13-05-2015 15:19:28 13.05.2015 15:19:28
13-05-2015 15:19:28 LangDll+ 2.5 ver.2.5.5.6 loaded 
13-05-2015 15:19:28 LOADING_FILE C:\Program Files\RUSLAN Catalog\Templates\analit_gurnal.tpl
13-05-2015 15:19:28 FUNCTION_LOADED MAIN
14-05-2015 11:27:53 14.05.2015 11:27:53
14-05-2015 11:27:53 LangDll+ 2.5 ver.2.5.5.6 loaded 
14-05-2015 11:27:53 LOADING_FILE C:\Program Files\RUSLAN Catalog\Templates\analit_gurnal.tpl
14-05-2015 11:27:53 FUNCTION_LOADED MAIN
14-05-2015 11:31:25 14.05.2015 11:31:25
14-05-2015 11:31:25 LangDll+ 2.5 ver.2.5.5.6 loaded 
14-05-2015 11:31:25 LOADING_FILE C:\Program Files\RUSLAN Catalog\Templates\analit_gurnal.tpl
14-05-2015 11:31:25 FUNCTION_LOADED MAIN
15-05-2015 11:32:39 15.05.2015 11:32:39
15-05-2015 11:32:39 LangDll+ 2.5 ver.2.5.5.6 loaded 
15-05-2015 11:32:39 LOADING_FILE C:\Program Files\RUSLAN Catalog\Templates\analit_gurnal.tpl
15-05-2015 11:32:39 FUNCTION_LOADED MAIN
15-05-2015 11:58:26 15.05.2015 11:58:26
15-05-2015 11:58:26 LangDll+ 2.5 ver.2.5.5.6 loaded 
15-05-2015 11:58:26 LOADING_FILE C:\Program Files\RUSLAN Catalog\Templates\analit_gurnal.tpl
15-05-2015 11:58:26 FUNCTION_LOADED MAIN
15-05-2015 12:23:02 15.05.2015 12:23:02
15-05-2015 12:23:02 LangDll+ 2.5 ver.2.5.5.6 loaded 
15-05-2015 12:23:02 LOADING_FILE C:\Program Files\RUSLAN Catalog\Templates\analit_gurnal.tpl
15-05-2015 12:23:02 FUNCTION_LOADED MAIN
15-05-2015 16:46:04 15.05.2015 16:46:04
15-05-2015 16:46:04 LangDll+ 2.5 ver.2.5.5.6 loaded 
15-05-2015 16:46:04 LOADING_FILE C:\Program Files\RUSLAN Catalog\Templates\analit_gurnal.tpl
15-05-2015 16:46:04 FUNCTION_LOADED MAIN
20-05-2015 17:16:54 20.05.2015 17:16:54
20-05-2015 17:16:54 LangDll+ 2.5 ver.2.5.5.6 loaded 
20-05-2015 17:16:54 LOADING_FILE C:\Program Files\RUSLAN Catalog\Templates\analit_gurnal.tpl
20-05-2015 17:16:54 FUNCTION_LOADED MAIN
28-05-2015 11:13:29 28.05.2015 11:13:29
28-05-2015 11:13:29 LangDll+ 2.5 ver.2.5.5.6 loaded 
28-05-2015 11:13:29 LOADING_FILE C:\Program Files\RUSLAN Catalog\Templates\analit_gurnal.tpl
28-05-2015 11:13:29 FUNCTION_LOADED MAIN
11-08-2015 09:30:36 11.08.2015 9:30:36
11-08-2015 09:30:36 LangDll+ 2.5 ver.2.5.5.6 loaded 
11-08-2015 09:30:36 LOADING_FILE C:\Program Files\RUSLAN Catalog\Templates\analit_gurnal.tpl
11-08-2015 09:30:36 FUNCTION_LOADED MAIN
11-08-2015 09:36:55 11.08.2015 9:36:55
11-08-2015 09:36:55 LangDll+ 2.5 ver.2.5.5.6 loaded 
11-08-2015 09:36:55 LOADING_FILE C:\Program Files\RUSLAN Catalog\Templates\analit_gurnal.tpl
11-08-2015 09:36:55 FUNCTION_LOADED MAIN
11-08-2015 09:40:22 11.08.2015 9:40:22
11-08-2015 09:40:22 LangDll+ 2.5 ver.2.5.5.6 loaded 
11-08-2015 09:40:22 LOADING_FILE C:\Program Files\RUSLAN Catalog\Templates\analit_gurnal.tpl
11-08-2015 09:40:22 FUNCTION_LOADED MAIN
11-08-2015 09:44:03 11.08.2015 9:44:03
11-08-2015 09:44:03 LangDll+ 2.5 ver.2.5.5.6 loaded 
11-08-2015 09:44:03 LOADING_FILE C:\Program Files\RUSLAN Catalog\Templates\analit_gurnal.tpl
11-08-2015 09:44:03 FUNCTION_LOADED MAIN
12-08-2015 15:33:18 12.08.2015 15:33:18
12-08-2015 15:33:18 LangDll+ 2.5 ver.2.5.5.6 loaded 
12-08-2015 15:33:18 LOADING_FILE C:\Program Files\RUSLAN Catalog\Templates\analit_gurnal.tpl
12-08-2015 15:33:18 FUNCTION_LOADED MAIN
13-08-2015 12:59:11 13.08.2015 12:59:11
13-08-2015 12:59:11 LangDll+ 2.5 ver.2.5.5.6 loaded 
13-08-2015 12:59:11 LOADING_FILE C:\Program Files\RUSLAN Catalog\Templates\analit_gurnal.tpl
13-08-2015 12:59:12 FUNCTION_LOADED MAIN
10-09-2015 11:51:21 10.09.2015 11:51:21
10-09-2015 11:51:21 LangDll+ 2.5 ver.2.5.5.6 loaded 
10-09-2015 11:51:21 LOADING_FILE C:\Program Files\RUSLAN Catalog\Templates\analit_gurnal.tpl
10-09-2015 11:51:21 FUNCTION_LOADED MAIN
10-09-2015 15:58:00 10.09.2015 15:58:00
10-09-2015 15:58:00 LangDll+ 2.5 ver.2.5.5.6 loaded 
10-09-2015 15:58:01 LOADING_FILE C:\Program Files\RUSLAN Catalog\Templates\analit_gurnal.tpl
10-09-2015 15:58:01 FUNCTION_LOADED MAIN
10-09-2015 15:59:52 10.09.2015 15:59:52
10-09-2015 15:59:52 LangDll+ 2.5 ver.2.5.5.6 loaded 
10-09-2015 15:59:52 LOADING_FILE C:\Program Files\RUSLAN Catalog\Templates\analit_gurnal.tpl
10-09-2015 15:59:52 FUNCTION_LOADED MAIN
10-09-2015 17:21:40 10.09.2015 17:21:40
10-09-2015 17:21:40 LangDll+ 2.5 ver.2.5.5.6 loaded 
10-09-2015 17:21:41 LOADING_FILE C:\Program Files\RUSLAN Catalog\Templates\analit_gurnal.tpl
10-09-2015 17:21:41 FUNCTION_LOADED MAIN
11-09-2015 10:59:29 11.09.2015 10:59:29
11-09-2015 10:59:29 LangDll+ 2.5 ver.2.5.5.6 loaded 
11-09-2015 10:59:29 LOADING_FILE C:\Program Files\RUSLAN Catalog\Templates\analit_gurnal.tpl
11-09-2015 10:59:29 FUNCTION_LOADED MAIN
11-09-2015 11:17:44 11.09.2015 11:17:44
11-09-2015 11:17:44 LangDll+ 2.5 ver.2.5.5.6 loaded 
11-09-2015 11:17:44 LOADING_FILE C:\Program Files\RUSLAN Catalog\Templates\analit_gurnal.tpl
11-09-2015 11:17:44 FUNCTION_LOADED MAIN
14-09-2015 11:03:22 14.09.2015 11:03:22
14-09-2015 11:03:22 LangDll+ 2.5 ver.2.5.5.6 loaded 
14-09-2015 11:03:22 LOADING_FILE C:\Program Files\RUSLAN Catalog\Templates\analit_gurnal.tpl
14-09-2015 11:03:22 FUNCTION_LOADED MAIN
14-09-2015 11:14:12 14.09.2015 11:14:12
14-09-2015 11:14:12 LangDll+ 2.5 ver.2.5.5.6 loaded 
14-09-2015 11:14:12 LOADING_FILE C:\Program Files\RUSLAN Catalog\Templates\analit_gurnal.tpl
14-09-2015 11:14:12 FUNCTION_LOADED MAIN
14-09-2015 11:22:32 14.09.2015 11:22:32
14-09-2015 11:22:32 LangDll+ 2.5 ver.2.5.5.6 loaded 
14-09-2015 11:22:32 LOADING_FILE C:\Program Files\RUSLAN Catalog\Templates\analit_gurnal.tpl
14-09-2015 11:22:32 FUNCTION_LOADED MAIN
16-09-2015 11:21:23 16.09.2015 11:21:23
16-09-2015 11:21:23 LangDll+ 2.5 ver.2.5.5.6 loaded 
16-09-2015 11:21:23 LOADING_FILE C:\Program Files\RUSLAN Catalog\Templates\analit_gurnal.tpl
16-09-2015 11:21:23 FUNCTION_LOADED MAIN
16-09-2015 11:52:18 16.09.2015 11:52:18
16-09-2015 11:52:18 LangDll+ 2.5 ver.2.5.5.6 loaded 
16-09-2015 11:52:18 LOADING_FILE C:\Program Files\RUSLAN Catalog\Templates\analit_gurnal.tpl
16-09-2015 11:52:18 FUNCTION_LOADED MAIN
16-09-2015 12:35:31 16.09.2015 12:35:31
16-09-2015 12:35:31 LangDll+ 2.5 ver.2.5.5.6 loaded 
16-09-2015 12:35:31 LOADING_FILE C:\Program Files\RUSLAN Catalog\Templates\analit_gurnal.tpl
16-09-2015 12:35:31 FUNCTION_LOADED MAIN
16-09-2015 14:05:51 16.09.2015 14:05:51
16-09-2015 14:05:51 LangDll+ 2.5 ver.2.5.5.6 loaded 
16-09-2015 14:05:51 LOADING_FILE C:\Program Files\RUSLAN Catalog\Templates\analit_gurnal.tpl
16-09-2015 14:05:51 FUNCTION_LOADED MAIN
16-09-2015 14:06:25 16.09.2015 14:06:25
16-09-2015 14:06:25 LangDll+ 2.5 ver.2.5.5.6 loaded 
16-09-2015 14:06:25 LOADING_FILE C:\Program Files\RUSLAN Catalog\Templates\analit_gurnal.tpl
16-09-2015 14:06:25 FUNCTION_LOADED MAIN
16-09-2015 14:55:49 16.09.2015 14:55:49
16-09-2015 14:55:49 LangDll+ 2.5 ver.2.5.5.6 loaded 
16-09-2015 14:55:49 LOADING_FILE C:\Program Files\RUSLAN Catalog\Templates\analit_gurnal.tpl
16-09-2015 14:55:49 FUNCTION_LOADED MAIN
16-09-2015 14:56:53 16.09.2015 14:56:53
16-09-2015 14:56:53 LangDll+ 2.5 ver.2.5.5.6 loaded 
16-09-2015 14:56:53 LOADING_FILE C:\Program Files\RUSLAN Catalog\Templates\analit_gurnal.tpl
16-09-2015 14:56:53 FUNCTION_LOADED MAIN
17-09-2015 14:57:54 17.09.2015 14:57:54
17-09-2015 14:57:54 LangDll+ 2.5 ver.2.5.5.6 loaded 
17-09-2015 14:57:54 LOADING_FILE C:\Program Files\RUSLAN Catalog\Templates\analit_gurnal.tpl
17-09-2015 14:57:54 FUNCTION_LOADED MAIN
17-09-2015 15:02:53 17.09.2015 15:02:53
17-09-2015 15:02:53 LangDll+ 2.5 ver.2.5.5.6 loaded 
17-09-2015 15:02:53 LOADING_FILE C:\Program Files\RUSLAN Catalog\Templates\analit_gurnal.tpl
17-09-2015 15:02:53 FUNCTION_LOADED MAIN
17-09-2015 15:03:36 17.09.2015 15:03:36
17-09-2015 15:03:36 LangDll+ 2.5 ver.2.5.5.6 loaded 
17-09-2015 15:03:36 LOADING_FILE C:\Program Files\RUSLAN Catalog\Templates\analit_gurnal.tpl
17-09-2015 15:03:36 FUNCTION_LOADED MAIN
17-09-2015 15:12:37 17.09.2015 15:12:37
17-09-2015 15:12:37 LangDll+ 2.5 ver.2.5.5.6 loaded 
17-09-2015 15:12:37 LOADING_FILE C:\Program Files\RUSLAN Catalog\Templates\analit_gurnal.tpl
17-09-2015 15:12:37 FUNCTION_LOADED MAIN
17-09-2015 15:17:19 17.09.2015 15:17:19
17-09-2015 15:17:19 LangDll+ 2.5 ver.2.5.5.6 loaded 
17-09-2015 15:17:19 LOADING_FILE C:\Program Files\RUSLAN Catalog\Templates\analit_gurnal.tpl
17-09-2015 15:17:19 FUNCTION_LOADED MAIN
17-09-2015 15:41:47 17.09.2015 15:41:47
17-09-2015 15:41:47 LangDll+ 2.5 ver.2.5.5.6 loaded 
17-09-2015 15:41:47 LOADING_FILE C:\Program Files\RUSLAN Catalog\Templates\analit_gurnal.tpl
17-09-2015 15:41:47 FUNCTION_LOADED MAIN
17-09-2015 15:42:09 17.09.2015 15:42:09
17-09-2015 15:42:09 LangDll+ 2.5 ver.2.5.5.6 loaded 
17-09-2015 15:42:09 LOADING_FILE C:\Program Files\RUSLAN Catalog\Templates\Analit1.ini
17-09-2015 15:42:09 FUNCTION_LOADED MAIN
17-09-2015 15:42:20 17.09.2015 15:42:20
17-09-2015 15:42:20 LangDll+ 2.5 ver.2.5.5.6 loaded 
17-09-2015 15:42:20 LOADING_FILE C:\Program Files\RUSLAN Catalog\Templates\analit_gurnal.tpl
17-09-2015 15:42:20 FUNCTION_LOADED MAIN
18-09-2015 14:34:37 18.09.2015 14:34:37
18-09-2015 14:34:37 LangDll+ 2.5 ver.2.5.5.6 loaded 
18-09-2015 14:34:37 LOADING_FILE C:\Program Files\RUSLAN Catalog\Templates\analit_gurnal.tpl
18-09-2015 14:34:38 FUNCTION_LOADED MAIN
18-09-2015 16:28:19 18.09.2015 16:28:19
18-09-2015 16:28:19 LangDll+ 2.5 ver.2.5.5.6 loaded 
18-09-2015 16:28:19 LOADING_FILE C:\Program Files\RUSLAN Catalog\Templates\analit_gurnal.tpl
18-09-2015 16:28:19 FUNCTION_LOADED MAIN
18-09-2015 16:33:01 18.09.2015 16:33:01
18-09-2015 16:33:01 LangDll+ 2.5 ver.2.5.5.6 loaded 
18-09-2015 16:33:01 LOADING_FILE C:\Program Files\RUSLAN Catalog\Templates\analit_gurnal.tpl
18-09-2015 16:33:01 FUNCTION_LOADED MAIN
22-09-2015 10:44:33 22.09.2015 10:44:33
22-09-2015 10:44:33 LangDll+ 2.5 ver.2.5.5.6 loaded 
22-09-2015 10:44:33 LOADING_FILE C:\Program Files\RUSLAN Catalog\Templates\analit_gurnal.tpl
22-09-2015 10:44:33 FUNCTION_LOADED MAIN
22-09-2015 11:13:07 22.09.2015 11:13:07
22-09-2015 11:13:07 LangDll+ 2.5 ver.2.5.5.6 loaded 
22-09-2015 11:13:07 LOADING_FILE C:\Program Files\RUSLAN Catalog\Templates\analit_gurnal.tpl
22-09-2015 11:13:07 FUNCTION_LOADED MAIN
28-09-2015 15:42:25 28.09.2015 15:42:25
28-09-2015 15:42:25 LangDll+ 2.5 ver.2.5.5.6 loaded 
28-09-2015 15:42:25 LOADING_FILE C:\Program Files\RUSLAN Catalog\Templates\analit_gurnal.tpl
28-09-2015 15:42:26 FUNCTION_LOADED MAIN
29-09-2015 11:39:55 29.09.2015 11:39:55
29-09-2015 11:39:55 LangDll+ 2.5 ver.2.5.5.6 loaded 
29-09-2015 11:39:55 LOADING_FILE C:\Program Files\RUSLAN Catalog\Templates\analit_gurnal.tpl
29-09-2015 11:39:55 FUNCTION_LOADED MAIN
29-09-2015 12:23:15 29.09.2015 12:23:15
29-09-2015 12:23:15 LangDll+ 2.5 ver.2.5.5.6 loaded 
29-09-2015 12:23:15 LOADING_FILE C:\Program Files\RUSLAN Catalog\Templates\analit_gurnal.tpl
29-09-2015 12:23:15 FUNCTION_LOADED MAIN
29-09-2015 12:48:35 29.09.2015 12:48:35
29-09-2015 12:48:35 LangDll+ 2.5 ver.2.5.5.6 loaded 
29-09-2015 12:48:35 LOADING_FILE C:\Program Files\RUSLAN Catalog\Templates\analit_gurnal.tpl
29-09-2015 12:48:35 FUNCTION_LOADED MAIN
29-09-2015 14:50:02 29.09.2015 14:50:02
29-09-2015 14:50:02 LangDll+ 2.5 ver.2.5.5.6 loaded 
29-09-2015 14:50:02 LOADING_FILE C:\Program Files\RUSLAN Catalog\Templates\analit_gurnal.tpl
29-09-2015 14:50:02 FUNCTION_LOADED MAIN
29-09-2015 15:55:57 29.09.2015 15:55:57
29-09-2015 15:55:57 LangDll+ 2.5 ver.2.5.5.6 loaded 
29-09-2015 15:55:57 LOADING_FILE C:\Program Files\RUSLAN Catalog\Templates\analit_gurnal.tpl
29-09-2015 15:55:57 FUNCTION_LOADED MAIN
29-09-2015 16:55:28 29.09.2015 16:55:28
29-09-2015 16:55:28 LangDll+ 2.5 ver.2.5.5.6 loaded 
29-09-2015 16:55:28 LOADING_FILE C:\Program Files\RUSLAN Catalog\Templates\analit_gurnal.tpl
29-09-2015 16:55:28 FUNCTION_LOADED MAIN
29-09-2015 16:57:01 29.09.2015 16:57:01
29-09-2015 16:57:01 LangDll+ 2.5 ver.2.5.5.6 loaded 
29-09-2015 16:57:01 LOADING_FILE C:\Program Files\RUSLAN Catalog\Templates\analit_gurnal.tpl
29-09-2015 16:57:01 FUNCTION_LOADED MAIN
02-10-2015 17:08:19 02.10.2015 17:08:19
02-10-2015 17:08:19 LangDll+ 2.5 ver.2.5.5.6 loaded 
02-10-2015 17:08:19 LOADING_FILE C:\Program Files\RUSLAN Catalog\Templates\analit_gurnal.tpl
02-10-2015 17:08:19 FUNCTION_LOADED MAIN
02-10-2015 17:13:30 02.10.2015 17:13:30
02-10-2015 17:13:30 LangDll+ 2.5 ver.2.5.5.6 loaded 
02-10-2015 17:13:30 LOADING_FILE C:\Program Files\RUSLAN Catalog\Templates\analit_gurnal.tpl
02-10-2015 17:13:30 FUNCTION_LOADED MAIN
05-10-2015 14:45:34 05.10.2015 14:45:34
05-10-2015 14:45:34 LangDll+ 2.5 ver.2.5.5.6 loaded 
05-10-2015 14:45:34 LOADING_FILE C:\Program Files\RUSLAN Catalog\Templates\analit_gurnal.tpl
05-10-2015 14:45:34 FUNCTION_LOADED MAIN
05-10-2015 14:46:14 05.10.2015 14:46:14
05-10-2015 14:46:14 LangDll+ 2.5 ver.2.5.5.6 loaded 
05-10-2015 14:46:14 LOADING_FILE C:\Program Files\RUSLAN Catalog\Templates\analit_gurnal.tpl
05-10-2015 14:46:14 FUNCTION_LOADED MAIN
05-10-2015 15:03:36 05.10.2015 15:03:36
05-10-2015 15:03:36 LangDll+ 2.5 ver.2.5.5.6 loaded 
05-10-2015 15:03:36 LOADING_FILE C:\Program Files\RUSLAN Catalog\Templates\analit_gurnal.tpl
05-10-2015 15:03:36 FUNCTION_LOADED MAIN
05-10-2015 15:56:32 05.10.2015 15:56:32
05-10-2015 15:56:32 LangDll+ 2.5 ver.2.5.5.6 loaded 
05-10-2015 15:56:32 LOADING_FILE C:\Program Files\RUSLAN Catalog\Templates\analit_gurnal.tpl
05-10-2015 15:56:32 FUNCTION_LOADED MAIN
05-10-2015 16:15:04 05.10.2015 16:15:04
05-10-2015 16:15:04 LangDll+ 2.5 ver.2.5.5.6 loaded 
05-10-2015 16:15:04 LOADING_FILE C:\Program Files\RUSLAN Catalog\Templates\analit_gurnal.tpl
05-10-2015 16:15:04 FUNCTION_LOADED MAIN
05-10-2015 16:20:14 05.10.2015 16:20:14
05-10-2015 16:20:14 LangDll+ 2.5 ver.2.5.5.6 loaded 
05-10-2015 16:20:14 LOADING_FILE C:\Program Files\RUSLAN Catalog\Templates\analit_gurnal.tpl
05-10-2015 16:20:14 FUNCTION_LOADED MAIN
13-10-2015 10:58:19 13.10.2015 10:58:19
13-10-2015 10:58:19 LangDll+ 2.5 ver.2.5.5.6 loaded 
13-10-2015 10:58:19 LOADING_FILE C:\Program Files\RUSLAN Catalog\Templates\analit_gurnal.tpl
13-10-2015 10:58:19 FUNCTION_LOADED MAIN
13-10-2015 11:03:03 13.10.2015 11:03:03
13-10-2015 11:03:03 LangDll+ 2.5 ver.2.5.5.6 loaded 
13-10-2015 11:03:03 LOADING_FILE C:\Program Files\RUSLAN Catalog\Templates\analit_gurnal.tpl
13-10-2015 11:03:03 FUNCTION_LOADED MAIN
13-10-2015 12:10:26 13.10.2015 12:10:26
13-10-2015 12:10:26 LangDll+ 2.5 ver.2.5.5.6 loaded 
13-10-2015 12:10:26 LOADING_FILE C:\Program Files\RUSLAN Catalog\Templates\analit_gurnal.tpl
13-10-2015 12:10:26 FUNCTION_LOADED MAIN
13-10-2015 12:11:25 13.10.2015 12:11:25
13-10-2015 12:11:25 LangDll+ 2.5 ver.2.5.5.6 loaded 
13-10-2015 12:11:25 LOADING_FILE C:\Program Files\RUSLAN Catalog\Templates\analit_gurnal.tpl
13-10-2015 12:11:25 FUNCTION_LOADED MAIN
13-10-2015 12:19:04 13.10.2015 12:19:04
13-10-2015 12:19:04 LangDll+ 2.5 ver.2.5.5.6 loaded 
13-10-2015 12:19:04 LOADING_FILE C:\Program Files\RUSLAN Catalog\Templates\analit_gurnal.tpl
13-10-2015 12:19:04 FUNCTION_LOADED MAIN
13-10-2015 15:40:07 13.10.2015 15:40:07
13-10-2015 15:40:07 LangDll+ 2.5 ver.2.5.5.6 loaded 
13-10-2015 15:40:08 LOADING_FILE C:\Program Files\RUSLAN Catalog\Templates\analit_gurnal.tpl
13-10-2015 15:40:08 FUNCTION_LOADED MAIN
13-10-2015 15:40:20 13.10.2015 15:40:20
13-10-2015 15:40:20 LangDll+ 2.5 ver.2.5.5.6 loaded 
13-10-2015 15:40:20 LOADING_FILE C:\Program Files\RUSLAN Catalog\Templates\analit_gurnal.tpl
13-10-2015 15:40:20 FUNCTION_LOADED MAIN
13-10-2015 16:24:26 13.10.2015 16:24:26
13-10-2015 16:24:26 LangDll+ 2.5 ver.2.5.5.6 loaded 
13-10-2015 16:24:26 LOADING_FILE C:\Program Files\RUSLAN Catalog\Templates\analit_gurnal.tpl
13-10-2015 16:24:26 FUNCTION_LOADED MAIN
13-10-2015 16:24:58 13.10.2015 16:24:58
13-10-2015 16:24:58 LangDll+ 2.5 ver.2.5.5.6 loaded 
13-10-2015 16:24:58 LOADING_FILE C:\Program Files\RUSLAN Catalog\Templates\analit_gurnal.tpl
13-10-2015 16:24:58 FUNCTION_LOADED MAIN
14-10-2015 11:00:34 14.10.2015 11:00:34
14-10-2015 11:00:34 LangDll+ 2.5 ver.2.5.5.6 loaded 
14-10-2015 11:00:34 LOADING_FILE C:\Program Files\RUSLAN Catalog\Templates\analit_gurnal.tpl
14-10-2015 11:00:34 FUNCTION_LOADED MAIN
15-10-2015 16:22:36 15.10.2015 16:22:36
15-10-2015 16:22:36 LangDll+ 2.5 ver.2.5.5.6 loaded 
15-10-2015 16:22:36 LOADING_FILE C:\Program Files\RUSLAN Catalog\Templates\analit_gurnal.tpl
15-10-2015 16:22:36 FUNCTION_LOADED MAIN
15-10-2015 16:30:39 15.10.2015 16:30:39
15-10-2015 16:30:39 LangDll+ 2.5 ver.2.5.5.6 loaded 
15-10-2015 16:30:39 LOADING_FILE C:\Program Files\RUSLAN Catalog\Templates\analit_gurnal.tpl
15-10-2015 16:30:39 FUNCTION_LOADED MAIN
15-10-2015 16:31:24 15.10.2015 16:31:24
15-10-2015 16:31:24 LangDll+ 2.5 ver.2.5.5.6 loaded 
15-10-2015 16:31:24 LOADING_FILE C:\Program Files\RUSLAN Catalog\Templates\analit_gurnal.tpl
15-10-2015 16:31:24 FUNCTION_LOADED MAIN
16-10-2015 14:59:46 16.10.2015 14:59:46
16-10-2015 14:59:46 LangDll+ 2.5 ver.2.5.5.6 loaded 
16-10-2015 14:59:46 LOADING_FILE C:\Program Files\RUSLAN Catalog\Templates\analit_gurnal.tpl
16-10-2015 14:59:47 FUNCTION_LOADED MAIN
16-10-2015 15:15:45 16.10.2015 15:15:45
16-10-2015 15:15:45 LangDll+ 2.5 ver.2.5.5.6 loaded 
16-10-2015 15:15:45 LOADING_FILE C:\Program Files\RUSLAN Catalog\Templates\analit_gurnal.tpl
16-10-2015 15:15:45 FUNCTION_LOADED MAIN
16-10-2015 16:07:53 16.10.2015 16:07:53
16-10-2015 16:07:53 LangDll+ 2.5 ver.2.5.5.6 loaded 
16-10-2015 16:07:53 LOADING_FILE C:\Program Files\RUSLAN Catalog\Templates\analit_gurnal.tpl
16-10-2015 16:07:53 FUNCTION_LOADED MAIN
16-10-2015 16:08:00 16.10.2015 16:08:00
16-10-2015 16:08:00 LangDll+ 2.5 ver.2.5.5.6 loaded 
16-10-2015 16:08:00 LOADING_FILE C:\Program Files\RUSLAN Catalog\Templates\analit_gurnal.tpl
16-10-2015 16:08:00 FUNCTION_LOADED MAIN
16-10-2015 16:08:10 16.10.2015 16:08:10
16-10-2015 16:08:10 LangDll+ 2.5 ver.2.5.5.6 loaded 
16-10-2015 16:08:10 LOADING_FILE C:\Program Files\RUSLAN Catalog\Templates\analit_gurnal.tpl
16-10-2015 16:08:10 FUNCTION_LOADED MAIN
19-10-2015 14:19:40 19.10.2015 14:19:40
19-10-2015 14:19:40 LangDll+ 2.5 ver.2.5.5.6 loaded 
19-10-2015 14:19:40 LOADING_FILE C:\Program Files\RUSLAN Catalog\Templates\analit_gurnal.tpl
19-10-2015 14:19:40 FUNCTION_LOADED MAIN
19-10-2015 14:25:10 19.10.2015 14:25:10
19-10-2015 14:25:10 LangDll+ 2.5 ver.2.5.5.6 loaded 
19-10-2015 14:25:10 LOADING_FILE C:\Program Files\RUSLAN Catalog\Templates\analit_gurnal.tpl
19-10-2015 14:25:10 FUNCTION_LOADED MAIN
19-10-2015 14:45:38 19.10.2015 14:45:38
19-10-2015 14:45:38 LangDll+ 2.5 ver.2.5.5.6 loaded 
19-10-2015 14:45:38 LOADING_FILE C:\Program Files\RUSLAN Catalog\Templates\analit_gurnal.tpl
19-10-2015 14:45:38 FUNCTION_LOADED MAIN
21-10-2015 10:59:58 21.10.2015 10:59:58
21-10-2015 10:59:58 LangDll+ 2.5 ver.2.5.5.6 loaded 
21-10-2015 10:59:58 LOADING_FILE C:\Program Files\RUSLAN Catalog\Templates\analit_gurnal.tpl
21-10-2015 10:59:58 FUNCTION_LOADED MAIN
21-10-2015 12:16:06 21.10.2015 12:16:06
21-10-2015 12:16:06 LangDll+ 2.5 ver.2.5.5.6 loaded 
21-10-2015 12:16:06 LOADING_FILE C:\Program Files\RUSLAN Catalog\Templates\analit_gurnal.tpl
21-10-2015 12:16:06 FUNCTION_LOADED MAIN
21-10-2015 14:57:42 21.10.2015 14:57:42
21-10-2015 14:57:42 LangDll+ 2.5 ver.2.5.5.6 loaded 
21-10-2015 14:57:42 LOADING_FILE C:\Program Files\RUSLAN Catalog\Templates\analit_gurnal.tpl
21-10-2015 14:57:42 FUNCTION_LOADED MAIN
21-10-2015 15:21:04 21.10.2015 15:21:04
21-10-2015 15:21:04 LangDll+ 2.5 ver.2.5.5.6 loaded 
21-10-2015 15:21:04 LOADING_FILE C:\Program Files\RUSLAN Catalog\Templates\analit_gurnal.tpl
21-10-2015 15:21:04 FUNCTION_LOADED MAIN
21-10-2015 15:54:01 21.10.2015 15:54:01
21-10-2015 15:54:01 LangDll+ 2.5 ver.2.5.5.6 loaded 
21-10-2015 15:54:01 LOADING_FILE C:\Program Files\RUSLAN Catalog\Templates\analit_gurnal.tpl
21-10-2015 15:54:01 FUNCTION_LOADED MAIN
22-10-2015 15:32:18 22.10.2015 15:32:18
22-10-2015 15:32:18 LangDll+ 2.5 ver.2.5.5.6 loaded 
22-10-2015 15:32:18 LOADING_FILE C:\Program Files\RUSLAN Catalog\Templates\analit_gurnal.tpl
22-10-2015 15:32:18 FUNCTION_LOADED MAIN
22-10-2015 15:33:25 22.10.2015 15:33:25
22-10-2015 15:33:25 LangDll+ 2.5 ver.2.5.5.6 loaded 
22-10-2015 15:33:25 LOADING_FILE C:\Program Files\RUSLAN Catalog\Templates\analit_gurnal.tpl
22-10-2015 15:33:25 FUNCTION_LOADED MAIN
22-10-2015 16:31:12 22.10.2015 16:31:12
22-10-2015 16:31:12 LangDll+ 2.5 ver.2.5.5.6 loaded 
22-10-2015 16:31:12 LOADING_FILE C:\Program Files\RUSLAN Catalog\Templates\analit_gurnal.tpl
22-10-2015 16:31:12 FUNCTION_LOADED MAIN
22-10-2015 17:20:00 22.10.2015 17:20:00
22-10-2015 17:20:00 LangDll+ 2.5 ver.2.5.5.6 loaded 
22-10-2015 17:20:00 LOADING_FILE C:\Program Files\RUSLAN Catalog\Templates\analit_gurnal.tpl
22-10-2015 17:20:00 FUNCTION_LOADED MAIN
22-10-2015 17:21:07 22.10.2015 17:21:07
22-10-2015 17:21:07 LangDll+ 2.5 ver.2.5.5.6 loaded 
22-10-2015 17:21:07 LOADING_FILE C:\Program Files\RUSLAN Catalog\Templates\analit_gurnal.tpl
22-10-2015 17:21:07 FUNCTION_LOADED MAIN
22-10-2015 17:21:50 22.10.2015 17:21:50
22-10-2015 17:21:50 LangDll+ 2.5 ver.2.5.5.6 loaded 
22-10-2015 17:21:50 LOADING_FILE C:\Program Files\RUSLAN Catalog\Templates\analit_gurnal.tpl
22-10-2015 17:21:50 FUNCTION_LOADED MAIN
23-10-2015 16:03:19 23.10.2015 16:03:19
23-10-2015 16:03:19 LangDll+ 2.5 ver.2.5.5.6 loaded 
23-10-2015 16:03:19 LOADING_FILE C:\Program Files\RUSLAN Catalog\Templates\analit_gurnal.tpl
23-10-2015 16:03:19 FUNCTION_LOADED MAIN
23-10-2015 17:21:07 23.10.2015 17:21:07
23-10-2015 17:21:07 LangDll+ 2.5 ver.2.5.5.6 loaded 
23-10-2015 17:21:07 LOADING_FILE C:\Program Files\RUSLAN Catalog\Templates\analit_gurnal.tpl
23-10-2015 17:21:07 FUNCTION_LOADED MAIN
26-10-2015 10:50:27 26.10.2015 10:50:27
26-10-2015 10:50:27 LangDll+ 2.5 ver.2.5.5.6 loaded 
26-10-2015 10:50:27 LOADING_FILE C:\Program Files\RUSLAN Catalog\Templates\analit_gurnal.tpl
26-10-2015 10:50:27 FUNCTION_LOADED MAIN
26-10-2015 10:55:46 26.10.2015 10:55:46
26-10-2015 10:55:46 LangDll+ 2.5 ver.2.5.5.6 loaded 
26-10-2015 10:55:46 LOADING_FILE C:\Program Files\RUSLAN Catalog\Templates\analit_gurnal.tpl
26-10-2015 10:55:46 FUNCTION_LOADED MAIN
26-10-2015 10:56:08 26.10.2015 10:56:08
26-10-2015 10:56:08 LangDll+ 2.5 ver.2.5.5.6 loaded 
26-10-2015 10:56:08 LOADING_FILE C:\Program Files\RUSLAN Catalog\Templates\analit_gurnal.tpl
26-10-2015 10:56:08 FUNCTION_LOADED MAIN
26-10-2015 10:56:23 26.10.2015 10:56:23
26-10-2015 10:56:23 LangDll+ 2.5 ver.2.5.5.6 loaded 
26-10-2015 10:56:23 LOADING_FILE C:\Program Files\RUSLAN Catalog\Templates\analit_gurnal.tpl
26-10-2015 10:56:23 FUNCTION_LOADED MAIN
26-10-2015 12:37:35 26.10.2015 12:37:35
26-10-2015 12:37:35 LangDll+ 2.5 ver.2.5.5.6 loaded 
26-10-2015 12:37:35 LOADING_FILE C:\Program Files\RUSLAN Catalog\Templates\analit_gurnal.tpl
26-10-2015 12:37:35 FUNCTION_LOADED MAIN
26-10-2015 12:39:33 26.10.2015 12:39:33
26-10-2015 12:39:33 LangDll+ 2.5 ver.2.5.5.6 loaded 
26-10-2015 12:39:33 LOADING_FILE C:\Program Files\RUSLAN Catalog\Templates\analit_gurnal.tpl
26-10-2015 12:39:33 FUNCTION_LOADED MAIN
27-10-2015 16:05:52 27.10.2015 16:05:52
27-10-2015 16:05:52 LangDll+ 2.5 ver.2.5.5.6 loaded 
27-10-2015 16:05:52 LOADING_FILE C:\Program Files\RUSLAN Catalog\Templates\analit_gurnal.tpl
27-10-2015 16:05:52 FUNCTION_LOADED MAIN
28-10-2015 10:46:47 28.10.2015 10:46:47
28-10-2015 10:46:47 LangDll+ 2.5 ver.2.5.5.6 loaded 
28-10-2015 10:46:47 LOADING_FILE C:\Program Files\RUSLAN Catalog\Templates\analit_gurnal.tpl
28-10-2015 10:46:47 FUNCTION_LOADED MAIN
28-10-2015 11:00:38 28.10.2015 11:00:38
28-10-2015 11:00:38 LangDll+ 2.5 ver.2.5.5.6 loaded 
28-10-2015 11:00:38 LOADING_FILE C:\Program Files\RUSLAN Catalog\Templates\analit_gurnal.tpl
28-10-2015 11:00:38 FUNCTION_LOADED MAIN
28-10-2015 11:36:05 28.10.2015 11:36:05
28-10-2015 11:36:05 LangDll+ 2.5 ver.2.5.5.6 loaded 
28-10-2015 11:36:05 LOADING_FILE C:\Program Files\RUSLAN Catalog\Templates\analit_gurnal.tpl
28-10-2015 11:36:05 FUNCTION_LOADED MAIN
28-10-2015 12:01:25 28.10.2015 12:01:25
28-10-2015 12:01:25 LangDll+ 2.5 ver.2.5.5.6 loaded 
28-10-2015 12:01:25 LOADING_FILE C:\Program Files\RUSLAN Catalog\Templates\analit_gurnal.tpl
28-10-2015 12:01:25 FUNCTION_LOADED MAIN
28-10-2015 12:07:14 28.10.2015 12:07:14
28-10-2015 12:07:14 LangDll+ 2.5 ver.2.5.5.6 loaded 
28-10-2015 12:07:14 LOADING_FILE C:\Program Files\RUSLAN Catalog\Templates\analit_gurnal.tpl
28-10-2015 12:07:14 FUNCTION_LOADED MAIN
28-10-2015 12:38:06 28.10.2015 12:38:06
28-10-2015 12:38:06 LangDll+ 2.5 ver.2.5.5.6 loaded 
28-10-2015 12:38:06 LOADING_FILE C:\Program Files\RUSLAN Catalog\Templates\analit_gurnal.tpl
28-10-2015 12:38:06 FUNCTION_LOADED MAIN
05-02-2016 11:43:32 05.02.2016 11:43:32
05-02-2016 11:43:32 LangDll+ 2.5 ver.2.5.5.6 loaded 
05-02-2016 11:43:32 LOADING_FILE C:\Program Files\RUSLAN Catalog\Templates\analit_gurnal.tpl
05-02-2016 11:43:33 FUNCTION_LOADED MAIN
05-02-2016 11:43:44 05.02.2016 11:43:44
05-02-2016 11:43:44 LangDll+ 2.5 ver.2.5.5.6 loaded 
05-02-2016 11:43:44 LOADING_FILE C:\Program Files\RUSLAN Catalog\Templates\Analit1.ini
05-02-2016 11:43:44 FUNCTION_LOADED MAIN
05-02-2016 11:58:07 05.02.2016 11:58:07
05-02-2016 11:58:07 LangDll+ 2.5 ver.2.5.5.6 loaded 
05-02-2016 11:58:07 LOADING_FILE C:\Program Files\RUSLAN Catalog\Templates\analit_gurnal.tpl
05-02-2016 11:58:07 FUNCTION_LOADED MAIN
05-02-2016 11:58:11 05.02.2016 11:58:11
05-02-2016 11:58:11 LangDll+ 2.5 ver.2.5.5.6 loaded 
05-02-2016 11:58:11 LOADING_FILE C:\Program Files\RUSLAN Catalog\Templates\Analit1.ini
05-02-2016 11:58:11 FUNCTION_LOADED MAIN
11-02-2016 16:32:06 11.02.2016 16:32:06
11-02-2016 16:32:06 LangDll+ 2.5 ver.2.5.5.6 loaded 
11-02-2016 16:32:06 LOADING_FILE C:\Program Files\RUSLAN Catalog\Templates\analit_gurnal.tpl
11-02-2016 16:32:06 FUNCTION_LOADED MAIN
11-02-2016 17:04:47 11.02.2016 17:04:47
11-02-2016 17:04:47 LangDll+ 2.5 ver.2.5.5.6 loaded 
11-02-2016 17:04:47 LOADING_FILE C:\Program Files\RUSLAN Catalog\Templates\analit_gurnal.tpl
11-02-2016 17:04:47 FUNCTION_LOADED MAIN
15-02-2016 16:30:50 15.02.2016 16:30:50
15-02-2016 16:30:50 LangDll+ 2.5 ver.2.5.5.6 loaded 
15-02-2016 16:30:50 LOADING_FILE C:\Program Files\RUSLAN Catalog\Templates\analit_gurnal.tpl
15-02-2016 16:30:50 FUNCTION_LOADED MAIN
15-02-2016 16:31:49 15.02.2016 16:31:49
15-02-2016 16:31:49 LangDll+ 2.5 ver.2.5.5.6 loaded 
15-02-2016 16:31:49 LOADING_FILE C:\Program Files\RUSLAN Catalog\Templates\analit_gurnal.tpl
15-02-2016 16:31:49 FUNCTION_LOADED MAIN
15-02-2016 16:32:41 15.02.2016 16:32:41
15-02-2016 16:32:41 LangDll+ 2.5 ver.2.5.5.6 loaded 
15-02-2016 16:32:41 LOADING_FILE C:\Program Files\RUSLAN Catalog\Templates\analit_gurnal.tpl
15-02-2016 16:32:41 FUNCTION_LOADED MAIN
15-02-2016 16:32:53 15.02.2016 16:32:53
15-02-2016 16:32:53 LangDll+ 2.5 ver.2.5.5.6 loaded 
15-02-2016 16:32:53 LOADING_FILE C:\Program Files\RUSLAN Catalog\Templates\Analit1.ini
15-02-2016 16:32:53 FUNCTION_LOADED MAIN
15-02-2016 16:32:56 15.02.2016 16:32:56
15-02-2016 16:32:56 LangDll+ 2.5 ver.2.5.5.6 loaded 
15-02-2016 16:32:56 LOADING_FILE C:\Program Files\RUSLAN Catalog\Templates\analit_gurnal.tpl
15-02-2016 16:32:56 FUNCTION_LOADED MAIN
15-02-2016 16:33:31 15.02.2016 16:33:31
15-02-2016 16:33:31 LangDll+ 2.5 ver.2.5.5.6 loaded 
15-02-2016 16:33:31 LOADING_FILE C:\Program Files\RUSLAN Catalog\Templates\analit_gurnal.tpl
15-02-2016 16:33:31 FUNCTION_LOADED MAIN
15-02-2016 16:33:39 15.02.2016 16:33:39
15-02-2016 16:33:39 LangDll+ 2.5 ver.2.5.5.6 loaded 
15-02-2016 16:33:39 LOADING_FILE C:\Program Files\RUSLAN Catalog\Templates\analit_gurnal.tpl
15-02-2016 16:33:39 FUNCTION_LOADED MAIN
15-02-2016 16:33:55 15.02.2016 16:33:55
15-02-2016 16:33:55 LangDll+ 2.5 ver.2.5.5.6 loaded 
15-02-2016 16:33:55 LOADING_FILE C:\Program Files\RUSLAN Catalog\Templates\analit_gurnal.tpl
15-02-2016 16:33:55 FUNCTION_LOADED MAIN
15-02-2016 16:36:46 15.02.2016 16:36:46
15-02-2016 16:36:46 LangDll+ 2.5 ver.2.5.5.6 loaded 
15-02-2016 16:36:46 LOADING_FILE C:\Program Files\RUSLAN Catalog\Templates\analit_gurnal.tpl
15-02-2016 16:36:46 FUNCTION_LOADED MAIN
18-02-2016 11:39:48 18.02.2016 11:39:48
18-02-2016 11:39:48 LangDll+ 2.5 ver.2.5.5.6 loaded 
18-02-2016 11:39:48 LOADING_FILE C:\Program Files\RUSLAN Catalog\Templates\analit_gurnal.tpl
18-02-2016 11:39:48 FUNCTION_LOADED MAIN
18-02-2016 11:41:41 18.02.2016 11:41:41
18-02-2016 11:41:41 LangDll+ 2.5 ver.2.5.5.6 loaded 
18-02-2016 11:41:41 LOADING_FILE C:\Program Files\RUSLAN Catalog\Templates\analit_gurnal.tpl
18-02-2016 11:41:41 FUNCTION_LOADED MAIN
18-02-2016 12:36:26 18.02.2016 12:36:26
18-02-2016 12:36:26 LangDll+ 2.5 ver.2.5.5.6 loaded 
18-02-2016 12:36:26 LOADING_FILE C:\Program Files\RUSLAN Catalog\Templates\analit_gurnal.tpl
18-02-2016 12:36:26 FUNCTION_LOADED MAIN
02-03-2016 13:07:14 02.03.2016 13:07:14
02-03-2016 13:07:14 LangDll+ 2.5 ver.2.5.5.6 loaded 
02-03-2016 13:07:14 LOADING_FILE C:\Program Files\RUSLAN Catalog\Templates\bulletin.tpl
02-03-2016 13:07:14 LOADING_FILE C:\Program Files\RUSLAN Catalog\templates\com_bul.tpl
02-03-2016 13:07:14 FUNCTION_LOADED COMMON
02-03-2016 13:07:14 FUNCTION_LOADED MAIN
02-03-2016 13:08:31 02.03.2016 13:08:31
02-03-2016 13:08:31 LangDll+ 2.5 ver.2.5.5.6 loaded 
02-03-2016 13:08:31 LOADING_FILE C:\Program Files\RUSLAN Catalog\Templates\bulletin.tpl
02-03-2016 13:08:31 LOADING_FILE C:\Program Files\RUSLAN Catalog\templates\com_bul.tpl
02-03-2016 13:08:31 FUNCTION_LOADED COMMON
02-03-2016 13:08:31 FUNCTION_LOADED MAIN
10-03-2016 16:31:58 10.03.2016 16:31:58
10-03-2016 16:31:58 LangDll+ 2.5 ver.2.5.5.6 loaded 
10-03-2016 16:31:58 LOADING_FILE C:\Program Files\RUSLAN Catalog\Templates\analit_gurnal.tpl
10-03-2016 16:31:58 FUNCTION_LOADED MAIN
10-03-2016 16:32:34 10.03.2016 16:32:34
10-03-2016 16:32:34 LangDll+ 2.5 ver.2.5.5.6 loaded 
10-03-2016 16:32:34 LOADING_FILE C:\Program Files\RUSLAN Catalog\Templates\analit_gurnal.tpl
10-03-2016 16:32:34 FUNCTION_LOADED MAIN
10-03-2016 16:41:07 10.03.2016 16:41:07
10-03-2016 16:41:07 LangDll+ 2.5 ver.2.5.5.6 loaded 
10-03-2016 16:41:07 LOADING_FILE C:\Program Files\RUSLAN Catalog\Templates\analit_gurnal.tpl
10-03-2016 16:41:07 FUNCTION_LOADED MAIN
10-03-2016 17:00:19 10.03.2016 17:00:19
10-03-2016 17:00:19 LangDll+ 2.5 ver.2.5.5.6 loaded 
10-03-2016 17:00:19 LOADING_FILE C:\Program Files\RUSLAN Catalog\Templates\analit_gurnal.tpl
10-03-2016 17:00:19 FUNCTION_LOADED MAIN
10-03-2016 17:04:22 10.03.2016 17:04:22
10-03-2016 17:04:22 LangDll+ 2.5 ver.2.5.5.6 loaded 
10-03-2016 17:04:22 LOADING_FILE C:\Program Files\RUSLAN Catalog\Templates\analit_gurnal.tpl
10-03-2016 17:04:22 FUNCTION_LOADED MAIN
10-03-2016 17:05:03 10.03.2016 17:05:03
10-03-2016 17:05:03 LangDll+ 2.5 ver.2.5.5.6 loaded 
10-03-2016 17:05:03 LOADING_FILE C:\Program Files\RUSLAN Catalog\Templates\analit_gurnal.tpl
10-03-2016 17:05:03 FUNCTION_LOADED MAIN
10-03-2016 17:10:32 10.03.2016 17:10:32
10-03-2016 17:10:32 LangDll+ 2.5 ver.2.5.5.6 loaded 
10-03-2016 17:10:32 LOADING_FILE C:\Program Files\RUSLAN Catalog\Templates\bulletin.tpl
10-03-2016 17:10:32 LOADING_FILE C:\Program Files\RUSLAN Catalog\templates\com_bul.tpl
10-03-2016 17:10:32 FUNCTION_LOADED COMMON
10-03-2016 17:10:32 FUNCTION_LOADED MAIN
10-03-2016 17:14:45 10.03.2016 17:14:45
10-03-2016 17:14:45 LangDll+ 2.5 ver.2.5.5.6 loaded 
10-03-2016 17:14:46 LOADING_FILE C:\Program Files\RUSLAN Catalog\Templates\analit_gurnal.tpl
10-03-2016 17:14:46 FUNCTION_LOADED MAIN
10-03-2016 17:19:35 10.03.2016 17:19:35
10-03-2016 17:19:35 LangDll+ 2.5 ver.2.5.5.6 loaded 
10-03-2016 17:19:35 LOADING_FILE C:\Program Files\RUSLAN Catalog\Templates\analit_gurnal.tpl
10-03-2016 17:19:35 FUNCTION_LOADED MAIN
11-03-2016 14:43:24 11.03.2016 14:43:24
11-03-2016 14:43:24 LangDll+ 2.5 ver.2.5.5.6 loaded 
11-03-2016 14:43:24 LOADING_FILE C:\Program Files\RUSLAN Catalog\Templates\analit_gurnal.tpl
11-03-2016 14:43:24 FUNCTION_LOADED MAIN
11-03-2016 14:44:01 11.03.2016 14:44:01
11-03-2016 14:44:01 LangDll+ 2.5 ver.2.5.5.6 loaded 
11-03-2016 14:44:01 LOADING_FILE C:\Program Files\RUSLAN Catalog\Templates\analit_gurnal.tpl
11-03-2016 14:44:01 FUNCTION_LOADED MAIN
12-03-2016 10:31:47 12.03.2016 10:31:47
12-03-2016 10:31:47 LangDll+ 2.5 ver.2.5.5.6 loaded 
12-03-2016 10:31:47 LOADING_FILE C:\Program Files\RUSLAN Catalog\Templates\analit_gurnal.tpl
12-03-2016 10:31:47 FUNCTION_LOADED MAIN
14-03-2016 11:38:00 14.03.2016 11:38:00
14-03-2016 11:38:00 LangDll+ 2.5 ver.2.5.5.6 loaded 
14-03-2016 11:38:00 LOADING_FILE C:\Program Files\RUSLAN Catalog\Templates\analit_gurnal.tpl
14-03-2016 11:38:00 FUNCTION_LOADED MAIN
14-03-2016 11:54:08 14.03.2016 11:54:08
14-03-2016 11:54:08 LangDll+ 2.5 ver.2.5.5.6 loaded 
14-03-2016 11:54:08 LOADING_FILE C:\Program Files\RUSLAN Catalog\Templates\analit_gurnal.tpl
14-03-2016 11:54:08 FUNCTION_LOADED MAIN
14-03-2016 12:01:42 14.03.2016 12:01:42
14-03-2016 12:01:42 LangDll+ 2.5 ver.2.5.5.6 loaded 
14-03-2016 12:01:42 LOADING_FILE C:\Program Files\RUSLAN Catalog\Templates\analit_gurnal.tpl
14-03-2016 12:01:42 FUNCTION_LOADED MAIN
21-03-2016 12:35:18 21.03.2016 12:35:18
21-03-2016 12:35:18 LangDll+ 2.5 ver.2.5.5.6 loaded 
21-03-2016 12:35:18 LOADING_FILE C:\Program Files\RUSLAN Catalog\Templates\mag_list.tpl
21-03-2016 12:35:18 FUNCTION_LOADED MAIN
21-03-2016 12:35:18 Ошибка. Ошибка шаблона. Строка 77. Объект DOC функция OUT Ошибка выполнения функции OLE error 800A03EC 
21-03-2016 12:35:23 Ошибка. Ошибка шаблона. Строка 85. Объект DOC функция OUT Ошибка выполнения функции OLE error 800A03EC 
21-03-2016 12:35:25 Ошибка. Ошибка шаблона. Строка 99. Объект DOC функция OUT Ошибка выполнения функции OLE error 800A03EC 
21-03-2016 12:35:26 Ошибка. Ошибка шаблона. Строка 151. Объект DOC функция OUT Ошибка выполнения функции OLE error 800A03EC 
21-03-2016 12:36:08 21.03.2016 12:36:08
21-03-2016 12:36:08 LangDll+ 2.5 ver.2.5.5.6 loaded 
21-03-2016 12:36:08 LOADING_FILE C:\Program Files\RUSLAN Catalog\Templates\bulletin.tpl
21-03-2016 12:36:08 LOADING_FILE C:\Program Files\RUSLAN Catalog\templates\com_bul.tpl
21-03-2016 12:36:08 FUNCTION_LOADED COMMON
21-03-2016 12:36:08 FUNCTION_LOADED MAIN
04-04-2016 15:05:56 04.04.2016 15:05:56
04-04-2016 15:05:56 LangDll+ 2.5 ver.2.5.5.6 loaded 
04-04-2016 15:05:56 LOADING_FILE C:\Program Files\RUSLAN Catalog\Templates\bulletin.tpl
04-04-2016 15:05:56 LOADING_FILE C:\Program Files\RUSLAN Catalog\templates\com_bul.tpl
04-04-2016 15:05:56 FUNCTION_LOADED COMMON
04-04-2016 15:05:56 FUNCTION_LOADED MAIN
05-04-2016 15:44:48 05.04.2016 15:44:48
05-04-2016 15:44:48 LangDll+ 2.5 ver.2.5.5.6 loaded 
05-04-2016 15:44:48 LOADING_FILE C:\Program Files\RUSLAN Catalog\Templates\analit_gurnal.tpl
05-04-2016 15:44:48 FUNCTION_LOADED MAIN
05-04-2016 15:47:35 05.04.2016 15:47:35
05-04-2016 15:47:35 LangDll+ 2.5 ver.2.5.5.6 loaded 
05-04-2016 15:47:35 LOADING_FILE C:\Program Files\RUSLAN Catalog\Templates\analit_gurnal.tpl
05-04-2016 15:47:35 FUNCTION_LOADED MAIN
05-04-2016 15:52:51 05.04.2016 15:52:51
05-04-2016 15:52:51 LangDll+ 2.5 ver.2.5.5.6 loaded 
05-04-2016 15:52:51 LOADING_FILE C:\Program Files\RUSLAN Catalog\Templates\analit_gurnal.tpl
05-04-2016 15:52:51 FUNCTION_LOADED MAIN
05-04-2016 16:06:57 05.04.2016 16:06:57
05-04-2016 16:06:57 LangDll+ 2.5 ver.2.5.5.6 loaded 
05-04-2016 16:06:58 LOADING_FILE C:\Program Files\RUSLAN Catalog\Templates\analit_gurnal.tpl
05-04-2016 16:06:58 FUNCTION_LOADED MAIN
05-04-2016 16:17:11 05.04.2016 16:17:11
05-04-2016 16:17:11 LangDll+ 2.5 ver.2.5.5.6 loaded 
05-04-2016 16:17:11 LOADING_FILE C:\Program Files\RUSLAN Catalog\Templates\analit_gurnal.tpl
05-04-2016 16:17:11 FUNCTION_LOADED MAIN
05-04-2016 16:23:06 05.04.2016 16:23:06
05-04-2016 16:23:06 LangDll+ 2.5 ver.2.5.5.6 loaded 
05-04-2016 16:23:06 LOADING_FILE C:\Program Files\RUSLAN Catalog\Templates\analit_gurnal.tpl
05-04-2016 16:23:06 FUNCTION_LOADED MAIN
05-04-2016 16:33:57 05.04.2016 16:33:57
05-04-2016 16:33:57 LangDll+ 2.5 ver.2.5.5.6 loaded 
05-04-2016 16:33:57 LOADING_FILE C:\Program Files\RUSLAN Catalog\Templates\analit_gurnal.tpl
05-04-2016 16:33:57 FUNCTION_LOADED MAIN
05-04-2016 16:36:56 05.04.2016 16:36:56
05-04-2016 16:36:56 LangDll+ 2.5 ver.2.5.5.6 loaded 
05-04-2016 16:36:56 LOADING_FILE C:\Program Files\RUSLAN Catalog\Templates\analit_gurnal.tpl
05-04-2016 16:36:56 FUNCTION_LOADED MAIN
05-04-2016 16:53:18 05.04.2016 16:53:18
05-04-2016 16:53:18 LangDll+ 2.5 ver.2.5.5.6 loaded 
05-04-2016 16:53:18 LOADING_FILE C:\Program Files\RUSLAN Catalog\Templates\analit_gurnal.tpl
05-04-2016 16:53:18 FUNCTION_LOADED MAIN
05-04-2016 16:58:57 05.04.2016 16:58:57
05-04-2016 16:58:57 LangDll+ 2.5 ver.2.5.5.6 loaded 
05-04-2016 16:58:57 LOADING_FILE C:\Program Files\RUSLAN Catalog\Templates\analit_gurnal.tpl
05-04-2016 16:58:57 FUNCTION_LOADED MAIN
05-04-2016 17:00:41 05.04.2016 17:00:41
05-04-2016 17:00:41 LangDll+ 2.5 ver.2.5.5.6 loaded 
05-04-2016 17:00:41 LOADING_FILE C:\Program Files\RUSLAN Catalog\Templates\analit_gurnal.tpl
05-04-2016 17:00:41 FUNCTION_LOADED MAIN
05-04-2016 17:08:03 05.04.2016 17:08:03
05-04-2016 17:08:03 LangDll+ 2.5 ver.2.5.5.6 loaded 
05-04-2016 17:08:03 LOADING_FILE C:\Program Files\RUSLAN Catalog\Templates\analit_gurnal.tpl
05-04-2016 17:08:03 FUNCTION_LOADED MAIN
05-05-2016 09:58:52 05.05.2016 9:58:52
05-05-2016 09:58:52 LangDll+ 2.5 ver.2.5.5.6 loaded 
05-05-2016 09:58:52 LOADING_FILE C:\Program Files\RUSLAN Catalog\Templates\bulletin.tpl
05-05-2016 09:58:52 LOADING_FILE C:\Program Files\RUSLAN Catalog\templates\com_bul.tpl
05-05-2016 09:58:52 FUNCTION_LOADED COMMON
05-05-2016 09:58:52 FUNCTION_LOADED MAIN
11-05-2016 09:35:37 11.05.2016 9:35:37
11-05-2016 09:35:37 LangDll+ 2.5 ver.2.5.5.6 loaded 
11-05-2016 09:35:37 LOADING_FILE C:\Program Files\RUSLAN Catalog\Templates\analit_gurnal.tpl
11-05-2016 09:35:37 FUNCTION_LOADED MAIN
23-05-2016 13:58:15 23.05.2016 13:58:15
23-05-2016 13:58:15 LangDll+ 2.5 ver.2.5.5.6 loaded 
23-05-2016 13:58:15 LOADING_FILE C:\Program Files\RUSLAN Catalog\Templates\analit_gurnal.tpl
23-05-2016 13:58:15 FUNCTION_LOADED MAIN
23-05-2016 14:03:46 23.05.2016 14:03:46
23-05-2016 14:03:46 LangDll+ 2.5 ver.2.5.5.6 loaded 
23-05-2016 14:03:46 LOADING_FILE C:\Program Files\RUSLAN Catalog\Templates\analit_gurnal.tpl
23-05-2016 14:03:46 FUNCTION_LOADED MAIN
23-05-2016 14:03:54 23.05.2016 14:03:54
23-05-2016 14:03:54 LangDll+ 2.5 ver.2.5.5.6 loaded 
23-05-2016 14:03:54 LOADING_FILE C:\Program Files\RUSLAN Catalog\Templates\analit_gurnal.tpl
23-05-2016 14:03:54 FUNCTION_LOADED MAIN
03-06-2016 10:51:55 03.06.2016 10:51:55
03-06-2016 10:51:55 LangDll+ 2.5 ver.2.5.5.6 loaded 
03-06-2016 10:51:55 LOADING_FILE C:\Program Files\RUSLAN Catalog\Templates\analit_gurnal.tpl
03-06-2016 10:51:56 FUNCTION_LOADED MAIN
03-06-2016 11:39:17 03.06.2016 11:39:17
03-06-2016 11:39:17 LangDll+ 2.5 ver.2.5.5.6 loaded 
03-06-2016 11:39:17 LOADING_FILE C:\Program Files\RUSLAN Catalog\Templates\analit_gurnal.tpl
03-06-2016 11:39:17 FUNCTION_LOADED MAIN
07-06-2016 11:14:19 07.06.2016 11:14:19
07-06-2016 11:14:19 LangDll+ 2.5 ver.2.5.5.6 loaded 
07-06-2016 11:14:19 LOADING_FILE C:\Program Files\RUSLAN Catalog\Templates\analit_gurnal.tpl
07-06-2016 11:14:19 FUNCTION_LOADED MAIN
08-06-2016 15:12:52 08.06.2016 15:12:52
08-06-2016 15:12:52 LangDll+ 2.5 ver.2.5.5.6 loaded 
08-06-2016 15:12:52 LOADING_FILE C:\Program Files\RUSLAN Catalog\Templates\analit_gurnal.tpl
08-06-2016 15:12:52 FUNCTION_LOADED MAIN
08-06-2016 15:13:07 08.06.2016 15:13:07
08-06-2016 15:13:07 LangDll+ 2.5 ver.2.5.5.6 loaded 
08-06-2016 15:13:07 LOADING_FILE C:\Program Files\RUSLAN Catalog\Templates\analit_gurnal.tpl
08-06-2016 15:13:07 FUNCTION_LOADED MAIN
08-06-2016 15:13:28 08.06.2016 15:13:28
08-06-2016 15:13:28 LangDll+ 2.5 ver.2.5.5.6 loaded 
08-06-2016 15:13:28 LOADING_FILE C:\Program Files\RUSLAN Catalog\Templates\Analit1.ini
08-06-2016 15:13:28 FUNCTION_LOADED MAIN
23-06-2016 14:21:10 23.06.2016 14:21:10
23-06-2016 14:21:10 LangDll+ 2.5 ver.2.5.5.6 loaded 
23-06-2016 14:21:10 LOADING_FILE C:\Program Files\RUSLAN Catalog\Templates\analit_gurnal.tpl
23-06-2016 14:21:10 FUNCTION_LOADED MAIN
24-06-2016 14:24:35 24.06.2016 14:24:35
24-06-2016 14:24:35 LangDll+ 2.5 ver.2.5.5.6 loaded 
24-06-2016 14:24:35 LOADING_FILE C:\Program Files\RUSLAN Catalog\Templates\analit_gurnal.tpl
24-06-2016 14:24:35 FUNCTION_LOADED MAIN
28-06-2016 13:04:20 28.06.2016 13:04:20
28-06-2016 13:04:20 LangDll+ 2.5 ver.2.5.5.6 loaded 
28-06-2016 13:04:20 LOADING_FILE C:\Program Files\RUSLAN Catalog\Templates\analit_gurnal.tpl
28-06-2016 13:04:20 FUNCTION_LOADED MAIN
30-06-2016 09:23:47 30.06.2016 9:23:47
30-06-2016 09:23:47 LangDll+ 2.5 ver.2.5.5.6 loaded 
30-06-2016 09:23:47 LOADING_FILE C:\Program Files\RUSLAN Catalog\Templates\analit_gurnal.tpl
30-06-2016 09:23:47 FUNCTION_LOADED MAIN
09-09-2016 09:46:25 09.09.2016 9:46:25
09-09-2016 09:46:25 LangDll+ 2.5 ver.2.5.5.6 loaded 
09-09-2016 09:46:25 LOADING_FILE C:\Program Files\RUSLAN Catalog\Templates\analit_gurnal.tpl
09-09-2016 09:46:25 FUNCTION_LOADED MAIN
09-09-2016 09:52:13 09.09.2016 9:52:13
09-09-2016 09:52:13 LangDll+ 2.5 ver.2.5.5.6 loaded 
09-09-2016 09:52:13 LOADING_FILE C:\Program Files\RUSLAN Catalog\Templates\bulletin.tpl
09-09-2016 09:52:13 LOADING_FILE C:\Program Files\RUSLAN Catalog\templates\com_bul.tpl
09-09-2016 09:52:13 FUNCTION_LOADED COMMON
09-09-2016 09:52:13 FUNCTION_LOADED MAIN
28-09-2016 13:43:32 28.09.2016 13:43:32
28-09-2016 13:43:32 LangDll+ 2.5 ver.2.5.5.6 loaded 
28-09-2016 13:43:32 LOADING_FILE C:\Program Files\RUSLAN Catalog\Templates\bulletin.tpl
28-09-2016 13:43:32 LOADING_FILE C:\Program Files\RUSLAN Catalog\templates\com_bul.tpl
28-09-2016 13:43:32 FUNCTION_LOADED COMMON
28-09-2016 13:43:32 FUNCTION_LOADED MAIN
21-10-2016 11:06:31 21.10.2016 11:06:31
21-10-2016 11:06:31 LangDll+ 2.5 ver.2.5.5.6 loaded 
21-10-2016 11:06:31 LOADING_FILE C:\Program Files\RUSLAN Catalog\Templates\analit_gurnal.tpl
21-10-2016 11:06:31 FUNCTION_LOADED MAIN
21-10-2016 11:06:49 21.10.2016 11:06:49
21-10-2016 11:06:49 LangDll+ 2.5 ver.2.5.5.6 loaded 
21-10-2016 11:06:49 LOADING_FILE C:\Program Files\RUSLAN Catalog\Templates\analit_gurnal.tpl
21-10-2016 11:06:49 FUNCTION_LOADED MAIN
21-10-2016 11:06:56 21.10.2016 11:06:56
21-10-2016 11:06:56 LangDll+ 2.5 ver.2.5.5.6 loaded 
21-10-2016 11:06:56 LOADING_FILE C:\Program Files\RUSLAN Catalog\Templates\analit_gurnal.tpl
21-10-2016 11:06:56 FUNCTION_LOADED MAIN
21-10-2016 11:07:03 21.10.2016 11:07:03
21-10-2016 11:07:03 LangDll+ 2.5 ver.2.5.5.6 loaded 
21-10-2016 11:07:03 LOADING_FILE C:\Program Files\RUSLAN Catalog\Templates\analit_gurnal.tpl
21-10-2016 11:07:03 FUNCTION_LOADED MAIN
21-10-2016 11:07:20 21.10.2016 11:07:20
21-10-2016 11:07:20 LangDll+ 2.5 ver.2.5.5.6 loaded 
21-10-2016 11:07:20 LOADING_FILE C:\Program Files\RUSLAN Catalog\Templates\analit_gurnal.tpl
21-10-2016 11:07:20 FUNCTION_LOADED MAIN
21-10-2016 11:07:24 21.10.2016 11:07:24
21-10-2016 11:07:24 LangDll+ 2.5 ver.2.5.5.6 loaded 
21-10-2016 11:07:24 LOADING_FILE C:\Program Files\RUSLAN Catalog\Templates\analit_gurnal.tpl
21-10-2016 11:07:24 FUNCTION_LOADED MAIN
21-10-2016 12:25:57 21.10.2016 12:25:57
21-10-2016 12:25:57 LangDll+ 2.5 ver.2.5.5.6 loaded 
21-10-2016 12:25:57 LOADING_FILE C:\Program Files\RUSLAN Catalog\Templates\analit_gurnal.tpl
21-10-2016 12:25:57 FUNCTION_LOADED MAIN
24-10-2016 10:20:32 24.10.2016 10:20:32
24-10-2016 10:20:32 LangDll+ 2.5 ver.2.5.5.6 loaded 
24-10-2016 10:20:32 LOADING_FILE C:\Program Files\RUSLAN Catalog\Templates\analit_gurnal.tpl
24-10-2016 10:20:32 FUNCTION_LOADED MAIN
27-10-2016 12:11:50 27.10.2016 12:11:50
27-10-2016 12:11:50 LangDll+ 2.5 ver.2.5.5.6 loaded 
27-10-2016 12:11:50 LOADING_FILE C:\Program Files\RUSLAN Catalog\Templates\analit_gurnal.tpl
27-10-2016 12:11:50 FUNCTION_LOADED MAIN
27-10-2016 12:11:58 27.10.2016 12:11:58
27-10-2016 12:11:58 LangDll+ 2.5 ver.2.5.5.6 loaded 
27-10-2016 12:11:58 LOADING_FILE C:\Program Files\RUSLAN Catalog\Templates\analit_gurnal.tpl
27-10-2016 12:11:58 FUNCTION_LOADED MAIN
12-01-2017 14:51:19 12.01.2017 14:51:19
12-01-2017 14:51:19 LangDll+ 2.5 ver.2.5.5.6 loaded 
12-01-2017 14:51:19 LOADING_FILE C:\Program Files\RUSLAN Catalog\Templates\analit_gurnal.tpl
12-01-2017 14:51:19 FUNCTION_LOADED MAIN
12-01-2017 14:51:44 12.01.2017 14:51:44
12-01-2017 14:51:44 LangDll+ 2.5 ver.2.5.5.6 loaded 
12-01-2017 14:51:44 LOADING_FILE C:\Program Files\RUSLAN Catalog\Templates\analit_gurnal.tpl
12-01-2017 14:51:44 FUNCTION_LOADED MAIN
12-01-2017 14:52:14 12.01.2017 14:52:14
12-01-2017 14:52:14 LangDll+ 2.5 ver.2.5.5.6 loaded 
12-01-2017 14:52:14 LOADING_FILE C:\Program Files\RUSLAN Catalog\Templates\analit_gurnal.tpl
12-01-2017 14:52:14 FUNCTION_LOADED MAIN
12-01-2017 14:52:17 12.01.2017 14:52:17
12-01-2017 14:52:17 LangDll+ 2.5 ver.2.5.5.6 loaded 
12-01-2017 14:52:17 LOADING_FILE C:\Program Files\RUSLAN Catalog\Templates\analit_gurnal.tpl
12-01-2017 14:52:17 FUNCTION_LOADED MAIN
09-03-2017 12:41:20 09.03.2017 12:41:20
09-03-2017 12:41:20 LangDll+ 2.5 ver.2.5.5.6 loaded 
09-03-2017 12:41:20 LOADING_FILE C:\Program Files\RUSLAN Catalog\Templates\bulletin.tpl
09-03-2017 12:41:21 LOADING_FILE C:\Program Files\RUSLAN Catalog\templates\com_bul.tpl
09-03-2017 12:41:21 FUNCTION_LOADED COMMON
09-03-2017 12:41:21 FUNCTION_LOADED MAIN
09-03-2017 12:44:39 09.03.2017 12:44:39
09-03-2017 12:44:39 LangDll+ 2.5 ver.2.5.5.6 loaded 
09-03-2017 12:44:39 LOADING_FILE C:\Program Files\RUSLAN Catalog\Templates\analit_gurnal.tpl
09-03-2017 12:44:39 FUNCTION_LOADED MAIN
09-03-2017 12:45:01 09.03.2017 12:45:01
09-03-2017 12:45:01 LangDll+ 2.5 ver.2.5.5.6 loaded 
09-03-2017 12:45:01 LOADING_FILE C:\Program Files\RUSLAN Catalog\Templates\analit_gurnal.tpl
09-03-2017 12:45:01 FUNCTION_LOADED MAIN
09-03-2017 12:45:03 09.03.2017 12:45:03
09-03-2017 12:45:03 LangDll+ 2.5 ver.2.5.5.6 loaded 
09-03-2017 12:45:03 LOADING_FILE C:\Program Files\RUSLAN Catalog\Templates\analit_gurnal.tpl
09-03-2017 12:45:03 FUNCTION_LOADED MAIN
09-03-2017 12:46:05 09.03.2017 12:46:05
09-03-2017 12:46:05 LangDll+ 2.5 ver.2.5.5.6 loaded 
09-03-2017 12:46:05 LOADING_FILE C:\Program Files\RUSLAN Catalog\Templates\analit_gurnal.tpl
09-03-2017 12:46:05 FUNCTION_LOADED MAIN
09-03-2017 13:29:54 09.03.2017 13:29:54
09-03-2017 13:29:54 LangDll+ 2.5 ver.2.5.5.6 loaded 
09-03-2017 13:29:54 LOADING_FILE C:\Program Files\RUSLAN Catalog\Templates\analit_gurnal.tpl
09-03-2017 13:29:54 FUNCTION_LOADED MAIN
09-03-2017 13:30:13 09.03.2017 13:30:13
09-03-2017 13:30:13 LangDll+ 2.5 ver.2.5.5.6 loaded 
09-03-2017 13:30:13 LOADING_FILE C:\Program Files\RUSLAN Catalog\Templates\analit_gurnal.tpl
09-03-2017 13:30:13 FUNCTION_LOADED MAIN
15-03-2017 15:29:23 15.03.2017 15:29:23
15-03-2017 15:29:23 LangDll+ 2.5 ver.2.5.5.6 loaded 
15-03-2017 15:29:23 LOADING_FILE C:\Program Files\RUSLAN Catalog\Templates\bulletin.tpl
15-03-2017 15:29:23 LOADING_FILE C:\Program Files\RUSLAN Catalog\templates\com_bul.tpl
15-03-2017 15:29:23 FUNCTION_LOADED COMMON
15-03-2017 15:29:23 FUNCTION_LOADED MAIN
18-04-2017 16:48:22 18.04.2017 16:48:22
18-04-2017 16:48:22 LangDll+ 2.5 ver.2.5.5.6 loaded 
18-04-2017 16:48:22 LOADING_FILE C:\Program Files\RUSLAN Catalog\Templates\bulletin.tpl
18-04-2017 16:48:22 LOADING_FILE C:\Program Files\RUSLAN Catalog\templates\com_bul.tpl
18-04-2017 16:48:22 FUNCTION_LOADED COMMON
18-04-2017 16:48:22 FUNCTION_LOADED MAIN
18-04-2017 16:53:25 18.04.2017 16:53:25
18-04-2017 16:53:25 LangDll+ 2.5 ver.2.5.5.6 loaded 
18-04-2017 16:53:25 LOADING_FILE C:\Program Files\RUSLAN Catalog\Templates\analit_gurnal.tpl
18-04-2017 16:53:25 FUNCTION_LOADED MAIN
18-04-2017 16:53:50 18.04.2017 16:53:50
18-04-2017 16:53:50 LangDll+ 2.5 ver.2.5.5.6 loaded 
18-04-2017 16:53:50 LOADING_FILE C:\Program Files\RUSLAN Catalog\Templates\analit_gurnal.tpl
18-04-2017 16:53:50 FUNCTION_LOADED MAIN
18-04-2017 17:07:35 18.04.2017 17:07:35
18-04-2017 17:07:35 LangDll+ 2.5 ver.2.5.5.6 loaded 
18-04-2017 17:07:35 LOADING_FILE C:\Program Files\RUSLAN Catalog\Templates\bulletin.tpl
18-04-2017 17:07:35 LOADING_FILE C:\Program Files\RUSLAN Catalog\templates\com_bul.tpl
18-04-2017 17:07:35 FUNCTION_LOADED COMMON
18-04-2017 17:07:35 FUNCTION_LOADED MAIN
19-04-2017 09:23:25 19.04.2017 9:23:25
19-04-2017 09:23:25 LangDll+ 2.5 ver.2.5.5.6 loaded 
19-04-2017 09:23:25 LOADING_FILE C:\Program Files\RUSLAN Catalog\Templates\bulletin.tpl
19-04-2017 09:23:25 LOADING_FILE C:\Program Files\RUSLAN Catalog\templates\com_bul.tpl
19-04-2017 09:23:25 FUNCTION_LOADED COMMON
19-04-2017 09:23:25 FUNCTION_LOADED MAIN
17-05-2017 16:29:18 17.05.2017 16:29:18
17-05-2017 16:29:18 LangDll+ 2.5 ver.2.5.5.6 loaded 
17-05-2017 16:29:18 LOADING_FILE C:\Program Files\RUSLAN Catalog\Templates\bulletin.tpl
17-05-2017 16:29:18 LOADING_FILE C:\Program Files\RUSLAN Catalog\templates\com_bul.tpl
17-05-2017 16:29:18 FUNCTION_LOADED COMMON
17-05-2017 16:29:18 FUNCTION_LOADED MAIN
31-05-2017 12:22:48 31.05.2017 12:22:48
31-05-2017 12:22:48 LangDll+ 2.5 ver.2.5.5.6 loaded 
31-05-2017 12:22:48 LOADING_FILE C:\Program Files\RUSLAN Catalog\Templates\bulletin.tpl
31-05-2017 12:22:48 LOADING_FILE C:\Program Files\RUSLAN Catalog\templates\com_bul.tpl
31-05-2017 12:22:48 FUNCTION_LOADED COMMON
31-05-2017 12:22:48 FUNCTION_LOADED MAIN
13-06-2017 11:30:10 13.06.2017 11:30:10
13-06-2017 11:30:10 LangDll+ 2.5 ver.2.5.5.6 loaded 
13-06-2017 11:30:10 LOADING_FILE C:\Program Files\RUSLAN Catalog\Templates\analit_gurnal.tpl
13-06-2017 11:30:10 FUNCTION_LOADED MAIN
10-07-2017 12:43:48 10.07.2017 12:43:48
10-07-2017 12:43:48 LangDll+ 2.5 ver.2.5.5.6 loaded 
10-07-2017 12:43:48 LOADING_FILE C:\Program Files\RUSLAN Catalog\Templates\analit_gurnal.tpl
10-07-2017 12:43:48 FUNCTION_LOADED MAIN
21-07-2017 11:06:37 21.07.2017 11:06:37
21-07-2017 11:06:37 LangDll+ 2.5 ver.2.5.5.6 loaded 
21-07-2017 11:06:37 LOADING_FILE C:\Program Files\RUSLAN Catalog\Templates\analit_gurnal.tpl
21-07-2017 11:06:37 FUNCTION_LOADED MAIN
22-09-2017 12:11:10 22.09.2017 12:11:10
22-09-2017 12:11:10 LangDll+ 2.5 ver.2.5.5.6 loaded 
22-09-2017 12:11:10 LOADING_FILE C:\Program Files\RUSLAN Catalog\Templates\bulletin.tpl
22-09-2017 12:11:10 LOADING_FILE C:\Program Files\RUSLAN Catalog\templates\com_bul.tpl
22-09-2017 12:11:10 FUNCTION_LOADED COMMON
22-09-2017 12:11:10 FUNCTION_LOADED MAIN
02-10-2017 16:57:39 02.10.2017 16:57:39
02-10-2017 16:57:39 LangDll+ 2.5 ver.2.5.5.6 loaded 
02-10-2017 16:57:39 LOADING_FILE C:\Program Files\RUSLAN Catalog\Templates\bulletin.tpl
02-10-2017 16:57:39 LOADING_FILE C:\Program Files\RUSLAN Catalog\templates\com_bul.tpl
02-10-2017 16:57:39 FUNCTION_LOADED COMMON
02-10-2017 16:57:39 FUNCTION_LOADED MAIN
02-10-2017 17:00:10 02.10.2017 17:00:10
02-10-2017 17:00:10 LangDll+ 2.5 ver.2.5.5.6 loaded 
02-10-2017 17:00:10 LOADING_FILE C:\Program Files\RUSLAN Catalog\Templates\bulletin.tpl
02-10-2017 17:00:10 LOADING_FILE C:\Program Files\RUSLAN Catalog\templates\com_bul.tpl
02-10-2017 17:00:10 FUNCTION_LOADED COMMON
02-10-2017 17:00:10 FUNCTION_LOADED MAIN
02-10-2017 17:01:03 02.10.2017 17:01:03
02-10-2017 17:01:03 LangDll+ 2.5 ver.2.5.5.6 loaded 
02-10-2017 17:01:03 LOADING_FILE C:\Program Files\RUSLAN Catalog\Templates\bulletin.tpl
02-10-2017 17:01:03 LOADING_FILE C:\Program Files\RUSLAN Catalog\templates\com_bul.tpl
02-10-2017 17:01:03 FUNCTION_LOADED COMMON
02-10-2017 17:01:03 FUNCTION_LOADED MAIN
02-10-2017 17:03:42 02.10.2017 17:03:42
02-10-2017 17:03:42 LangDll+ 2.5 ver.2.5.5.6 loaded 
02-10-2017 17:03:42 LOADING_FILE C:\Program Files\RUSLAN Catalog\Templates\bulletin.tpl
02-10-2017 17:03:42 LOADING_FILE C:\Program Files\RUSLAN Catalog\templates\com_bul.tpl
02-10-2017 17:03:42 FUNCTION_LOADED COMMON
02-10-2017 17:03:42 FUNCTION_LOADED MAIN
27-10-2017 16:13:19 27.10.2017 16:13:19
27-10-2017 16:13:19 LangDll+ 2.5 ver.2.5.5.6 loaded 
27-10-2017 16:13:19 LOADING_FILE C:\Program Files\RUSLAN Catalog\Templates\bulletin.tpl
27-10-2017 16:13:19 LOADING_FILE C:\Program Files\RUSLAN Catalog\templates\com_bul.tpl
27-10-2017 16:13:19 FUNCTION_LOADED COMMON
27-10-2017 16:13:19 FUNCTION_LOADED MAIN
02-11-2017 11:18:27 02.11.2017 11:18:27
02-11-2017 11:18:27 LangDll+ 2.5 ver.2.5.5.6 loaded 
02-11-2017 11:18:27 LOADING_FILE C:\Program Files\RUSLAN Catalog\Templates\bulletin.tpl
02-11-2017 11:18:27 LOADING_FILE C:\Program Files\RUSLAN Catalog\templates\com_bul.tpl
02-11-2017 11:18:27 FUNCTION_LOADED COMMON
02-11-2017 11:18:27 FUNCTION_LOADED MAIN
01-12-2017 11:07:13 01.12.2017 11:07:13
01-12-2017 11:07:13 LangDll+ 2.5 ver.2.5.5.6 loaded 
01-12-2017 11:07:13 LOADING_FILE C:\Program Files\RUSLAN Catalog\Templates\analit_gurnal.tpl
01-12-2017 11:07:13 FUNCTION_LOADED MAIN
01-12-2017 11:07:59 01.12.2017 11:07:59
01-12-2017 11:07:59 LangDll+ 2.5 ver.2.5.5.6 loaded 
01-12-2017 11:07:59 LOADING_FILE C:\Program Files\RUSLAN Catalog\Templates\analit_gurnal.tpl
01-12-2017 11:07:59 FUNCTION_LOADED MAIN
01-12-2017 11:20:23 01.12.2017 11:20:23
01-12-2017 11:20:23 LangDll+ 2.5 ver.2.5.5.6 loaded 
01-12-2017 11:20:23 LOADING_FILE C:\Program Files\RUSLAN Catalog\Templates\analit_gurnal.tpl
01-12-2017 11:20:23 FUNCTION_LOADED MAIN
15-01-2018 14:14:58 15.01.2018 14:14:58
15-01-2018 14:14:58 LangDll+ 2.5 ver.2.5.5.6 loaded 
15-01-2018 14:14:58 LOADING_FILE C:\Program Files\RUSLAN Catalog\Templates\bulletin.tpl
15-01-2018 14:14:58 LOADING_FILE C:\Program Files\RUSLAN Catalog\templates\com_bul.tpl
15-01-2018 14:14:58 FUNCTION_LOADED COMMON
15-01-2018 14:14:58 FUNCTION_LOADED MAIN
15-01-2018 14:28:10 15.01.2018 14:28:10
15-01-2018 14:28:10 LangDll+ 2.5 ver.2.5.5.6 loaded 
15-01-2018 14:28:10 LOADING_FILE C:\Program Files\RUSLAN Catalog\Templates\bulletin.tpl
15-01-2018 14:28:10 LOADING_FILE C:\Program Files\RUSLAN Catalog\templates\com_bul.tpl
15-01-2018 14:28:10 FUNCTION_LOADED COMMON
15-01-2018 14:28:10 FUNCTION_LOADED MAIN
28-02-2018 11:18:32 28.02.2018 11:18:32
28-02-2018 11:18:32 LangDll+ 2.5 ver.2.5.5.6 loaded 
28-02-2018 11:18:32 LOADING_FILE C:\Program Files\RUSLAN Catalog\Templates\bulletin.tpl
28-02-2018 11:18:32 LOADING_FILE C:\Program Files\RUSLAN Catalog\templates\com_bul.tpl
28-02-2018 11:18:32 FUNCTION_LOADED COMMON
28-02-2018 11:18:32 FUNCTION_LOADED MAIN